#-----------------------------------------------------------
# Vivado v2018.3 (64-bit)
# SW Build 2405991 on Thu Dec  6 23:38:27 MST 2018
# IP Build 2404404 on Fri Dec  7 01:43:56 MST 2018
# Start of session at: Wed Apr 10 14:21:44 2019
# Process ID: 15184
# Current directory: C:/Users/workspace/RISC_V_32I/RISC_V_32I
# Command line: vivado.exe -gui_launcher_event rodinguilauncherevent16064 C:\Users\workspace\RISC_V_32I\RISC_V_32I\RISC_V_32I.xpr
# Log file: C:/Users/workspace/RISC_V_32I/RISC_V_32I/vivado.log
# Journal file: C:/Users/workspace/RISC_V_32I/RISC_V_32I\vivado.jou
#-----------------------------------------------------------
start_gui
open_project C:/Users/workspace/RISC_V_32I/RISC_V_32I/RISC_V_32I.xpr
INFO: [Project 1-313] Project file moved from 'C:/Users/workspace/ComputerArchitectureLab_LOCAL/RISC_V_32I' since last save.
Scanning sources...
Finished scanning sources
INFO: [IP_Flow 19-234] Refreshing IP repositories
INFO: [IP_Flow 19-1704] No user IP repositories specified
INFO: [IP_Flow 19-2313] Loaded Vivado IP repository 'C:/Xilinx/Vivado/2018.3/data/ip'.
open_project: Time (s): cpu = 00:00:20 ; elapsed = 00:00:14 . Memory (MB): peak = 757.012 ; gain = 159.336
update_compile_order -fileset sources_1
exit
INFO: [Common 17-206] Exiting Vivado at Wed Apr 10 14:22:37 2019...
