#-----------------------------------------------------------
# Vivado v2018.3 (64-bit)
# SW Build 2405991 on Thu Dec  6 23:38:27 MST 2018
# IP Build 2404404 on Fri Dec  7 01:43:56 MST 2018
# Start of session at: Sun May 26 08:45:25 2019
# Process ID: 9588
# Current directory: C:/Users/workspace/RISC_V_32I/BTBabdBHT
# Command line: vivado.exe -gui_launcher_event rodinguilauncherevent2276 C:\Users\workspace\RISC_V_32I\BTBabdBHT\BTBabdBHT.xpr
# Log file: C:/Users/workspace/RISC_V_32I/BTBabdBHT/vivado.log
# Journal file: C:/Users/workspace/RISC_V_32I/BTBabdBHT\vivado.jou
#-----------------------------------------------------------
start_gui
open_project C:/Users/workspace/RISC_V_32I/BTBabdBHT/BTBabdBHT.xpr
Scanning sources...
Finished scanning sources
INFO: [IP_Flow 19-234] Refreshing IP repositories
INFO: [IP_Flow 19-1704] No user IP repositories specified
INFO: [IP_Flow 19-2313] Loaded Vivado IP repository 'C:/Xilinx/Vivado/2018.3/data/ip'.
open_project: Time (s): cpu = 00:00:15 ; elapsed = 00:00:10 . Memory (MB): peak = 751.180 ; gain = 180.438
update_compile_order -fileset sources_1
