#-----------------------------------------------------------
# Vivado v2018.3 (64-bit)
# SW Build 2405991 on Thu Dec  6 23:38:27 MST 2018
# IP Build 2404404 on Fri Dec  7 01:43:56 MST 2018
# Start of session at: Mon May 27 18:41:53 2019
# Process ID: 17752
# Current directory: C:/Users/workspace/RISC_V_32I/BTBandBHT
# Command line: vivado.exe -gui_launcher_event rodinguilauncherevent3392 C:\Users\workspace\RISC_V_32I\BTBandBHT\BTBandBHT.xpr
# Log file: C:/Users/workspace/RISC_V_32I/BTBandBHT/vivado.log
# Journal file: C:/Users/workspace/RISC_V_32I/BTBandBHT\vivado.jou
#-----------------------------------------------------------
start_gui
open_project C:/Users/workspace/RISC_V_32I/BTBandBHT/BTBandBHT.xpr
Scanning sources...
Finished scanning sources
INFO: [IP_Flow 19-234] Refreshing IP repositories
INFO: [IP_Flow 19-1704] No user IP repositories specified
INFO: [IP_Flow 19-2313] Loaded Vivado IP repository 'C:/Xilinx/Vivado/2018.3/data/ip'.
open_project: Time (s): cpu = 00:00:15 ; elapsed = 00:00:10 . Memory (MB): peak = 751.184 ; gain = 177.895
update_compile_order -fileset sources_1
launch_runs synth_1 -jobs 4
[Mon May 27 18:42:44 2019] Launched synth_1...
Run output will be captured here: C:/Users/workspace/RISC_V_32I/BTBandBHT/BTBandBHT.runs/synth_1/runme.log
launch_simulation
INFO: [Vivado 12-5682] Launching behavioral simulation in 'C:/Users/workspace/RISC_V_32I/BTBandBHT/BTBandBHT.sim/sim_1/behav/xsim'
INFO: [SIM-utils-51] Simulation object is 'sim_1'
INFO: [SIM-utils-54] Inspecting design source files for 'testBench' in fileset 'sim_1'...
INFO: [USF-XSim-97] Finding global include files...
INFO: [USF-XSim-98] Fetching design files from 'sim_1'...
INFO: [USF-XSim-2] XSim::Compile design
INFO: [USF-XSim-61] Executing 'COMPILE and ANALYZE' step in 'C:/Users/workspace/RISC_V_32I/BTBandBHT/BTBandBHT.sim/sim_1/behav/xsim'
"xvlog --incr --relax -prj testBench_vlog.prj"
INFO: [VRFC 10-2263] Analyzing Verilog file "C:/Users/workspace/RISC_V_32I/BTBandBHT/BTBandBHT.srcs/cpu_rtl/ALU.v" into library xil_defaultlib
INFO: [VRFC 10-311] analyzing module ALU
INFO: [VRFC 10-2263] Analyzing Verilog file "C:/Users/workspace/RISC_V_32I/BTBandBHT/BTBandBHT.srcs/cpu_rtl/BranchDecisionMaking.v" into library xil_defaultlib
INFO: [VRFC 10-311] analyzing module BranchDecisionMaking
INFO: [VRFC 10-2263] Analyzing Verilog file "C:/Users/workspace/RISC_V_32I/BTBandBHT/BTBandBHT.srcs/cpu_rtl/ControlUnit.v" into library xil_defaultlib
INFO: [VRFC 10-311] analyzing module ControlUnit
INFO: [VRFC 10-2263] Analyzing Verilog file "C:/Users/workspace/RISC_V_32I/BTBandBHT/BTBandBHT.srcs/cpu_rtl/DataExt.v" into library xil_defaultlib
INFO: [VRFC 10-311] analyzing module DataExt
INFO: [VRFC 10-2263] Analyzing Verilog file "C:/Users/workspace/RISC_V_32I/BTBandBHT/BTBandBHT.srcs/cpu_rtl/BRAMModule/DataRam.v" into library xil_defaultlib
INFO: [VRFC 10-311] analyzing module DataRam
INFO: [VRFC 10-2263] Analyzing Verilog file "C:/Users/workspace/RISC_V_32I/BTBandBHT/BTBandBHT.srcs/cpu_rtl/EXSegReg.v" into library xil_defaultlib
INFO: [VRFC 10-311] analyzing module EXSegReg
INFO: [VRFC 10-2263] Analyzing Verilog file "C:/Users/workspace/RISC_V_32I/BTBandBHT/BTBandBHT.srcs/cpu_rtl/HarzardUnit.v" into library xil_defaultlib
INFO: [VRFC 10-311] analyzing module HarzardUnit
INFO: [VRFC 10-2263] Analyzing Verilog file "C:/Users/workspace/RISC_V_32I/BTBandBHT/BTBandBHT.srcs/cpu_rtl/IDSegReg.v" into library xil_defaultlib
INFO: [VRFC 10-311] analyzing module IDSegReg
INFO: [VRFC 10-2263] Analyzing Verilog file "C:/Users/workspace/RISC_V_32I/BTBandBHT/BTBandBHT.srcs/cpu_rtl/IFSegReg.v" into library xil_defaultlib
INFO: [VRFC 10-311] analyzing module IFSegReg
INFO: [VRFC 10-2263] Analyzing Verilog file "C:/Users/workspace/RISC_V_32I/BTBandBHT/BTBandBHT.srcs/cpu_rtl/ImmOperandUnit.v" into library xil_defaultlib
INFO: [VRFC 10-311] analyzing module ImmOperandUnit
INFO: [VRFC 10-2263] Analyzing Verilog file "C:/Users/workspace/RISC_V_32I/BTBandBHT/BTBandBHT.srcs/cpu_rtl/BRAMModule/InstructionRam.v" into library xil_defaultlib
INFO: [VRFC 10-311] analyzing module InstructionRam
INFO: [VRFC 10-2263] Analyzing Verilog file "C:/Users/workspace/RISC_V_32I/BTBandBHT/BTBandBHT.srcs/cpu_rtl/MEMSegReg.v" into library xil_defaultlib
INFO: [VRFC 10-311] analyzing module MEMSegReg
INFO: [VRFC 10-2263] Analyzing Verilog file "C:/Users/workspace/RISC_V_32I/BTBandBHT/BTBandBHT.srcs/cpu_rtl/NPC_Generator.v" into library xil_defaultlib
INFO: [VRFC 10-311] analyzing module NPC_Generator
INFO: [VRFC 10-2263] Analyzing Verilog file "C:/Users/workspace/RISC_V_32I/BTBandBHT/BTBandBHT.srcs/cpu_rtl/RV32Core.v" into library xil_defaultlib
INFO: [VRFC 10-311] analyzing module RV32Core
INFO: [VRFC 10-2263] Analyzing Verilog file "C:/Users/workspace/RISC_V_32I/BTBandBHT/BTBandBHT.srcs/cpu_rtl/RegisterFile.v" into library xil_defaultlib
INFO: [VRFC 10-311] analyzing module RegisterFile
INFO: [VRFC 10-2263] Analyzing Verilog file "C:/Users/workspace/RISC_V_32I/BTBandBHT/BTBandBHT.srcs/cpu_rtl/WBSegReg.v" into library xil_defaultlib
INFO: [VRFC 10-311] analyzing module WBSegReg
INFO: [VRFC 10-2263] Analyzing SystemVerilog file "C:/Users/workspace/RISC_V_32I/BTBandBHT/BTBandBHT.srcs/cpu_rtl/bht.sv" into library xil_defaultlib
INFO: [VRFC 10-311] analyzing module bht
INFO: [VRFC 10-2263] Analyzing SystemVerilog file "C:/Users/workspace/RISC_V_32I/BTBandBHT/BTBandBHT.srcs/cpu_rtl/btb.sv" into library xil_defaultlib
INFO: [VRFC 10-311] analyzing module btb
INFO: [VRFC 10-2263] Analyzing Verilog file "C:/Users/workspace/RISC_V_32I/BTBandBHT/BTBandBHT.sim/testBench.v" into library xil_defaultlib
INFO: [VRFC 10-311] analyzing module testBench
INFO: [VRFC 10-2263] Analyzing Verilog file "C:/Users/workspace/RISC_V_32I/BTBandBHT/BTBandBHT.sim/sim_1/behav/xsim/glbl.v" into library xil_defaultlib
INFO: [VRFC 10-311] analyzing module glbl
INFO: [USF-XSim-69] 'compile' step finished in '1' seconds
INFO: [USF-XSim-3] XSim::Elaborate design
INFO: [USF-XSim-61] Executing 'ELABORATE' step in 'C:/Users/workspace/RISC_V_32I/BTBandBHT/BTBandBHT.sim/sim_1/behav/xsim'
Vivado Simulator 2018.3
Copyright 1986-1999, 2001-2018 Xilinx, Inc. All Rights Reserved.
Running: C:/Xilinx/Vivado/2018.3/bin/unwrapped/win64.o/xelab.exe -wto 7b00d9dfb43e4cd7acfe98d8fa577175 --incr --debug typical --relax --mt 2 -L xil_defaultlib -L unisims_ver -L unimacro_ver -L secureip --snapshot testBench_behav xil_defaultlib.testBench xil_defaultlib.glbl -log elaborate.log 
Using 2 slave threads.
Starting static elaboration
WARNING: [VRFC 10-3091] actual bit length 5 differs from formal bit length 4 for port 'AluContrlD' [C:/Users/workspace/RISC_V_32I/BTBandBHT/BTBandBHT.srcs/cpu_rtl/RV32Core.v:168]
WARNING: [VRFC 10-3091] actual bit length 4 differs from formal bit length 5 for port 'AluContrlE' [C:/Users/workspace/RISC_V_32I/BTBandBHT/BTBandBHT.srcs/cpu_rtl/RV32Core.v:230]
WARNING: [VRFC 10-3091] actual bit length 1 differs from formal bit length 3 for port 'MemToRegE' [C:/Users/workspace/RISC_V_32I/BTBandBHT/BTBandBHT.srcs/cpu_rtl/RV32Core.v:327]
Completed static elaboration
Starting simulation data flow analysis
WARNING: [XSIM 43-4099] "C:/Users/workspace/RISC_V_32I/BTBandBHT/BTBandBHT.srcs/cpu_rtl/btb.sv" Line 1. Module btb doesn't have a timescale but at least one module in design has a timescale.
WARNING: [XSIM 43-4099] "C:/Users/workspace/RISC_V_32I/BTBandBHT/BTBandBHT.srcs/cpu_rtl/bht.sv" Line 1. Module bht doesn't have a timescale but at least one module in design has a timescale.
Completed simulation data flow analysis
Time Resolution for simulation is 1ps
Compiling module xil_defaultlib.NPC_Generator
Compiling module xil_defaultlib.IFSegReg
Compiling module xil_defaultlib.InstructionRam
Compiling module xil_defaultlib.IDSegReg
Compiling module xil_defaultlib.ControlUnit
Compiling module xil_defaultlib.ImmOperandUnit
Compiling module xil_defaultlib.RegisterFile
Compiling module xil_defaultlib.EXSegReg
Compiling module xil_defaultlib.ALU
Compiling module xil_defaultlib.BranchDecisionMaking
Compiling module xil_defaultlib.MEMSegReg
Compiling module xil_defaultlib.DataRam
Compiling module xil_defaultlib.WBSegReg
Compiling module xil_defaultlib.DataExt
Compiling module xil_defaultlib.HarzardUnit
Compiling module xil_defaultlib.btb
Compiling module xil_defaultlib.bht
Compiling module xil_defaultlib.RV32Core
Compiling module xil_defaultlib.testBench
WARNING: [XSIM 43-3373] "C:/Users/workspace/RISC_V_32I/BTBandBHT/BTBandBHT.sim/testBench.v" Line 77. System function $fscanf is used as system task. This system function should have a LHS e.g. x=$fscanf().
WARNING: [XSIM 43-3373] "C:/Users/workspace/RISC_V_32I/BTBandBHT/BTBandBHT.sim/testBench.v" Line 91. System function $fscanf is used as system task. This system function should have a LHS e.g. x=$fscanf().
WARNING: [XSIM 43-3373] "C:/Users/workspace/RISC_V_32I/BTBandBHT/BTBandBHT.sim/testBench.v" Line 102. System function $fscanf is used as system task. This system function should have a LHS e.g. x=$fscanf().
WARNING: [XSIM 43-3373] "C:/Users/workspace/RISC_V_32I/BTBandBHT/BTBandBHT.sim/testBench.v" Line 116. System function $fscanf is used as system task. This system function should have a LHS e.g. x=$fscanf().
Compiling module xil_defaultlib.glbl
Built simulation snapshot testBench_behav

****** Webtalk v2018.3 (64-bit)
  **** SW Build 2405991 on Thu Dec  6 23:38:27 MST 2018
  **** IP Build 2404404 on Fri Dec  7 01:43:56 MST 2018
    ** Copyright 1986-2018 Xilinx, Inc. All Rights Reserved.

source C:/Users/workspace/RISC_V_32I/BTBandBHT/BTBandBHT.sim/sim_1/behav/xsim/xsim.dir/testBench_behav/webtalk/xsim_webtalk.tcl -notrace
INFO: [Common 17-186] 'C:/Users/workspace/RISC_V_32I/BTBandBHT/BTBandBHT.sim/sim_1/behav/xsim/xsim.dir/testBench_behav/webtalk/usage_statistics_ext_xsim.xml' has been successfully sent to Xilinx on Mon May 27 19:08:44 2019. For additional details about this file, please refer to the WebTalk help file at C:/Xilinx/Vivado/2018.3/doc/webtalk_introduction.html.
INFO: [Common 17-206] Exiting Webtalk at Mon May 27 19:08:44 2019...
run_program: Time (s): cpu = 00:00:00 ; elapsed = 00:00:08 . Memory (MB): peak = 806.691 ; gain = 0.000
INFO: [USF-XSim-69] 'elaborate' step finished in '8' seconds
INFO: [USF-XSim-4] XSim::Simulate design
INFO: [USF-XSim-61] Executing 'SIMULATE' step in 'C:/Users/workspace/RISC_V_32I/BTBandBHT/BTBandBHT.sim/sim_1/behav/xsim'
INFO: [USF-XSim-98] *** Running xsim
   with args "testBench_behav -key {Behavioral:sim_1:Functional:testBench} -tclbatch {testBench.tcl} -log {simulate.log}"
INFO: [USF-XSim-8] Loading simulator feature
Vivado Simulator 2018.3
Time resolution is 1 ps
source testBench.tcl
# set curr_wave [current_wave_config]
# if { [string length $curr_wave] == 0 } {
#   if { [llength [get_objects]] > 0} {
#     add_wave /
#     set_property needs_save false [current_wave_config]
#   } else {
#      send_msg_id Add_Wave-1 WARNING "No top level signals found. Simulator will start without a wave window. If you want to open a wave window go to 'File->New Waveform Configuration' or type 'create_wave_config' in the TCL console."
#   }
# }
# run 1000ns
Initialing reg values...
Loading DataRam Content from file...
INFO: [USF-XSim-96] XSim completed. Design snapshot 'testBench_behav' loaded.
INFO: [USF-XSim-97] XSim simulation ran for 1000ns
launch_simulation: Time (s): cpu = 00:00:09 ; elapsed = 00:00:14 . Memory (MB): peak = 851.277 ; gain = 44.586
current_wave_config {Untitled 1}
Untitled 1
add_wave {{/testBench/RV32Core1/BranchE}} 
current_wave_config {Untitled 1}
Untitled 1
add_wave {{/testBench/RV32Core1/BranchE}} {{/testBench/RV32Core1/FlushD}} {{/testBench/RV32Core1/FlushE}} 
current_wave_config {Untitled 1}
Untitled 1
add_wave {{/testBench/RV32Core1/HistoryPredictedF}} 
current_wave_config {Untitled 1}
Untitled 1
add_wave {{/testBench/RV32Core1/PCE}} {{/testBench/RV32Core1/PCF}} 
current_wave_config {Untitled 1}
Untitled 1
add_wave {{/testBench/RV32Core1/PredictedF}} 
restart
INFO: [Simtcl 6-17] Simulation restarted
run 10 us
Initialing reg values...
Loading DataRam Content from file...
Loading InstRam Content from file...
restart
INFO: [Simtcl 6-17] Simulation restarted
run 16430 us
Initialing reg values...
Loading DataRam Content from file...
Loading InstRam Content from file...
Start Instruction Execution!
Finish Instruction Execution!
Saving DataRam Content to file...
Saving InstRam Content to file...
Simulation Ended!
run: Time (s): cpu = 00:00:05 ; elapsed = 00:00:06 . Memory (MB): peak = 855.441 ; gain = 1.402
restart
INFO: [Simtcl 6-17] Simulation restarted
run 16430 ns
Initialing reg values...
Loading DataRam Content from file...
Loading InstRam Content from file...
Start Instruction Execution!
run 10 ns
run 10 ns
run 10 ns
run 10 ns
run 10 ns
run 10 ns
run 10 ns
run 10 ns
run 10 ns
run 10 ns
run 10 ns
run 10 ns
run 10 ns
run 10 ns
run 10 ns
run 10 ns
run 10 ns
run 10 ns
run 10 ns
run 10 ns
run 10 ns
run 10 ns
close_sim
INFO: [Simtcl 6-16] Simulation closed
close_sim: Time (s): cpu = 00:00:01 ; elapsed = 00:00:08 . Memory (MB): peak = 1076.453 ; gain = 0.000
launch_simulation
INFO: [Vivado 12-5682] Launching behavioral simulation in 'C:/Users/workspace/RISC_V_32I/BTBandBHT/BTBandBHT.sim/sim_1/behav/xsim'
INFO: [SIM-utils-51] Simulation object is 'sim_1'
INFO: [SIM-utils-54] Inspecting design source files for 'testBench' in fileset 'sim_1'...
INFO: [USF-XSim-97] Finding global include files...
INFO: [USF-XSim-98] Fetching design files from 'sim_1'...
INFO: [USF-XSim-2] XSim::Compile design
INFO: [USF-XSim-61] Executing 'COMPILE and ANALYZE' step in 'C:/Users/workspace/RISC_V_32I/BTBandBHT/BTBandBHT.sim/sim_1/behav/xsim'
"xvlog --incr --relax -prj testBench_vlog.prj"
INFO: [VRFC 10-2263] Analyzing Verilog file "C:/Users/workspace/RISC_V_32I/BTBandBHT/BTBandBHT.sim/testBench.v" into library xil_defaultlib
INFO: [VRFC 10-311] analyzing module testBench
INFO: [USF-XSim-69] 'compile' step finished in '1' seconds
INFO: [USF-XSim-3] XSim::Elaborate design
INFO: [USF-XSim-61] Executing 'ELABORATE' step in 'C:/Users/workspace/RISC_V_32I/BTBandBHT/BTBandBHT.sim/sim_1/behav/xsim'
Vivado Simulator 2018.3
Copyright 1986-1999, 2001-2018 Xilinx, Inc. All Rights Reserved.
Running: C:/Xilinx/Vivado/2018.3/bin/unwrapped/win64.o/xelab.exe -wto 7b00d9dfb43e4cd7acfe98d8fa577175 --incr --debug typical --relax --mt 2 -L xil_defaultlib -L unisims_ver -L unimacro_ver -L secureip --snapshot testBench_behav xil_defaultlib.testBench xil_defaultlib.glbl -log elaborate.log 
Using 2 slave threads.
Starting static elaboration
WARNING: [VRFC 10-3091] actual bit length 5 differs from formal bit length 4 for port 'AluContrlD' [C:/Users/workspace/RISC_V_32I/BTBandBHT/BTBandBHT.srcs/cpu_rtl/RV32Core.v:168]
WARNING: [VRFC 10-3091] actual bit length 4 differs from formal bit length 5 for port 'AluContrlE' [C:/Users/workspace/RISC_V_32I/BTBandBHT/BTBandBHT.srcs/cpu_rtl/RV32Core.v:230]
WARNING: [VRFC 10-3091] actual bit length 1 differs from formal bit length 3 for port 'MemToRegE' [C:/Users/workspace/RISC_V_32I/BTBandBHT/BTBandBHT.srcs/cpu_rtl/RV32Core.v:327]
Completed static elaboration
Starting simulation data flow analysis
WARNING: [XSIM 43-4099] "C:/Users/workspace/RISC_V_32I/BTBandBHT/BTBandBHT.srcs/cpu_rtl/btb.sv" Line 1. Module btb doesn't have a timescale but at least one module in design has a timescale.
WARNING: [XSIM 43-4099] "C:/Users/workspace/RISC_V_32I/BTBandBHT/BTBandBHT.srcs/cpu_rtl/bht.sv" Line 1. Module bht doesn't have a timescale but at least one module in design has a timescale.
Completed simulation data flow analysis
Time Resolution for simulation is 1ps
Compiling module xil_defaultlib.NPC_Generator
Compiling module xil_defaultlib.IFSegReg
Compiling module xil_defaultlib.InstructionRam
Compiling module xil_defaultlib.IDSegReg
Compiling module xil_defaultlib.ControlUnit
Compiling module xil_defaultlib.ImmOperandUnit
Compiling module xil_defaultlib.RegisterFile
Compiling module xil_defaultlib.EXSegReg
Compiling module xil_defaultlib.ALU
Compiling module xil_defaultlib.BranchDecisionMaking
Compiling module xil_defaultlib.MEMSegReg
Compiling module xil_defaultlib.DataRam
Compiling module xil_defaultlib.WBSegReg
Compiling module xil_defaultlib.DataExt
Compiling module xil_defaultlib.HarzardUnit
Compiling module xil_defaultlib.btb
Compiling module xil_defaultlib.bht
Compiling module xil_defaultlib.RV32Core
Compiling module xil_defaultlib.testBench
WARNING: [XSIM 43-3373] "C:/Users/workspace/RISC_V_32I/BTBandBHT/BTBandBHT.sim/testBench.v" Line 77. System function $fscanf is used as system task. This system function should have a LHS e.g. x=$fscanf().
WARNING: [XSIM 43-3373] "C:/Users/workspace/RISC_V_32I/BTBandBHT/BTBandBHT.sim/testBench.v" Line 91. System function $fscanf is used as system task. This system function should have a LHS e.g. x=$fscanf().
WARNING: [XSIM 43-3373] "C:/Users/workspace/RISC_V_32I/BTBandBHT/BTBandBHT.sim/testBench.v" Line 102. System function $fscanf is used as system task. This system function should have a LHS e.g. x=$fscanf().
WARNING: [XSIM 43-3373] "C:/Users/workspace/RISC_V_32I/BTBandBHT/BTBandBHT.sim/testBench.v" Line 116. System function $fscanf is used as system task. This system function should have a LHS e.g. x=$fscanf().
Compiling module xil_defaultlib.glbl
Built simulation snapshot testBench_behav
INFO: [USF-XSim-69] 'elaborate' step finished in '2' seconds
INFO: [USF-XSim-4] XSim::Simulate design
INFO: [USF-XSim-61] Executing 'SIMULATE' step in 'C:/Users/workspace/RISC_V_32I/BTBandBHT/BTBandBHT.sim/sim_1/behav/xsim'
INFO: [USF-XSim-98] *** Running xsim
   with args "testBench_behav -key {Behavioral:sim_1:Functional:testBench} -tclbatch {testBench.tcl} -log {simulate.log}"
INFO: [USF-XSim-8] Loading simulator feature
Vivado Simulator 2018.3
Time resolution is 1 ps
source testBench.tcl
# set curr_wave [current_wave_config]
# if { [string length $curr_wave] == 0 } {
#   if { [llength [get_objects]] > 0} {
#     add_wave /
#     set_property needs_save false [current_wave_config]
#   } else {
#      send_msg_id Add_Wave-1 WARNING "No top level signals found. Simulator will start without a wave window. If you want to open a wave window go to 'File->New Waveform Configuration' or type 'create_wave_config' in the TCL console."
#   }
# }
# run 1000ns
Initialing reg values...
Loading DataRam Content from file...
INFO: [USF-XSim-96] XSim completed. Design snapshot 'testBench_behav' loaded.
INFO: [USF-XSim-97] XSim simulation ran for 1000ns
launch_simulation: Time (s): cpu = 00:00:04 ; elapsed = 00:00:06 . Memory (MB): peak = 1076.453 ; gain = 0.000
current_wave_config {Untitled 2}
Untitled 2
add_wave {{/testBench/RV32Core1/BranchE}} 
current_wave_config {Untitled 2}
Untitled 2
add_wave {{/testBench/RV32Core1/FlushD}} {{/testBench/RV32Core1/FlushE}} 
current_wave_config {Untitled 2}
Untitled 2
add_wave {{/testBench/RV32Core1/HistoryPredictedF}} 
current_wave_config {Untitled 2}
Untitled 2
add_wave {{/testBench/RV32Core1/NPC_PRED}} 
current_wave_config {Untitled 2}
Untitled 2
add_wave {{/testBench/RV32Core1/PCE}} {{/testBench/RV32Core1/PCF}} {{/testBench/RV32Core1/PredictedD}} {{/testBench/RV32Core1/PredictedE}} {{/testBench/RV32Core1/PredictedF}} {{/testBench/RV32Core1/PredictedPC}} 
restart
INFO: [Simtcl 6-17] Simulation restarted
run 10 ns
Initialing reg values...
Loading DataRam Content from file...
restart
INFO: [Simtcl 6-17] Simulation restarted
run 10 ns
Initialing reg values...
Loading DataRam Content from file...
restart
INFO: [Simtcl 6-17] Simulation restarted
run 16430 ns
Initialing reg values...
Loading DataRam Content from file...
Loading InstRam Content from file...
Start Instruction Execution!
run 10 ns
run 10 ns
run 10 ns
run 10 ns
run 10 ns
run 10 ns
run 10 ns
run 10 ns
run 10 ns
run 10 ns
run 10 ns
run 10 ns
run 10 ns
run 10 ns
close_sim
INFO: [Simtcl 6-16] Simulation closed
launch_simulation
INFO: [Vivado 12-5682] Launching behavioral simulation in 'C:/Users/workspace/RISC_V_32I/BTBandBHT/BTBandBHT.sim/sim_1/behav/xsim'
INFO: [SIM-utils-51] Simulation object is 'sim_1'
INFO: [SIM-utils-54] Inspecting design source files for 'testBench' in fileset 'sim_1'...
INFO: [USF-XSim-97] Finding global include files...
INFO: [USF-XSim-98] Fetching design files from 'sim_1'...
INFO: [USF-XSim-2] XSim::Compile design
INFO: [USF-XSim-61] Executing 'COMPILE and ANALYZE' step in 'C:/Users/workspace/RISC_V_32I/BTBandBHT/BTBandBHT.sim/sim_1/behav/xsim'
"xvlog --incr --relax -prj testBench_vlog.prj"
INFO: [VRFC 10-2263] Analyzing SystemVerilog file "C:/Users/workspace/RISC_V_32I/BTBandBHT/BTBandBHT.srcs/cpu_rtl/bht.sv" into library xil_defaultlib
INFO: [VRFC 10-311] analyzing module bht
INFO: [VRFC 10-2263] Analyzing SystemVerilog file "C:/Users/workspace/RISC_V_32I/BTBandBHT/BTBandBHT.srcs/cpu_rtl/btb.sv" into library xil_defaultlib
INFO: [VRFC 10-311] analyzing module btb
INFO: [USF-XSim-69] 'compile' step finished in '1' seconds
INFO: [USF-XSim-3] XSim::Elaborate design
INFO: [USF-XSim-61] Executing 'ELABORATE' step in 'C:/Users/workspace/RISC_V_32I/BTBandBHT/BTBandBHT.sim/sim_1/behav/xsim'
Vivado Simulator 2018.3
Copyright 1986-1999, 2001-2018 Xilinx, Inc. All Rights Reserved.
Running: C:/Xilinx/Vivado/2018.3/bin/unwrapped/win64.o/xelab.exe -wto 7b00d9dfb43e4cd7acfe98d8fa577175 --incr --debug typical --relax --mt 2 -L xil_defaultlib -L unisims_ver -L unimacro_ver -L secureip --snapshot testBench_behav xil_defaultlib.testBench xil_defaultlib.glbl -log elaborate.log 
Using 2 slave threads.
Starting static elaboration
WARNING: [VRFC 10-3091] actual bit length 5 differs from formal bit length 4 for port 'AluContrlD' [C:/Users/workspace/RISC_V_32I/BTBandBHT/BTBandBHT.srcs/cpu_rtl/RV32Core.v:168]
WARNING: [VRFC 10-3091] actual bit length 4 differs from formal bit length 5 for port 'AluContrlE' [C:/Users/workspace/RISC_V_32I/BTBandBHT/BTBandBHT.srcs/cpu_rtl/RV32Core.v:230]
WARNING: [VRFC 10-3091] actual bit length 1 differs from formal bit length 3 for port 'MemToRegE' [C:/Users/workspace/RISC_V_32I/BTBandBHT/BTBandBHT.srcs/cpu_rtl/RV32Core.v:327]
Completed static elaboration
Starting simulation data flow analysis
WARNING: [XSIM 43-4099] "C:/Users/workspace/RISC_V_32I/BTBandBHT/BTBandBHT.srcs/cpu_rtl/btb.sv" Line 1. Module btb doesn't have a timescale but at least one module in design has a timescale.
WARNING: [XSIM 43-4099] "C:/Users/workspace/RISC_V_32I/BTBandBHT/BTBandBHT.srcs/cpu_rtl/bht.sv" Line 1. Module bht doesn't have a timescale but at least one module in design has a timescale.
Completed simulation data flow analysis
Time Resolution for simulation is 1ps
Compiling module xil_defaultlib.NPC_Generator
Compiling module xil_defaultlib.IFSegReg
Compiling module xil_defaultlib.InstructionRam
Compiling module xil_defaultlib.IDSegReg
Compiling module xil_defaultlib.ControlUnit
Compiling module xil_defaultlib.ImmOperandUnit
Compiling module xil_defaultlib.RegisterFile
Compiling module xil_defaultlib.EXSegReg
Compiling module xil_defaultlib.ALU
Compiling module xil_defaultlib.BranchDecisionMaking
Compiling module xil_defaultlib.MEMSegReg
Compiling module xil_defaultlib.DataRam
Compiling module xil_defaultlib.WBSegReg
Compiling module xil_defaultlib.DataExt
Compiling module xil_defaultlib.HarzardUnit
Compiling module xil_defaultlib.btb
Compiling module xil_defaultlib.bht
Compiling module xil_defaultlib.RV32Core
Compiling module xil_defaultlib.testBench
WARNING: [XSIM 43-3373] "C:/Users/workspace/RISC_V_32I/BTBandBHT/BTBandBHT.sim/testBench.v" Line 77. System function $fscanf is used as system task. This system function should have a LHS e.g. x=$fscanf().
WARNING: [XSIM 43-3373] "C:/Users/workspace/RISC_V_32I/BTBandBHT/BTBandBHT.sim/testBench.v" Line 91. System function $fscanf is used as system task. This system function should have a LHS e.g. x=$fscanf().
WARNING: [XSIM 43-3373] "C:/Users/workspace/RISC_V_32I/BTBandBHT/BTBandBHT.sim/testBench.v" Line 102. System function $fscanf is used as system task. This system function should have a LHS e.g. x=$fscanf().
WARNING: [XSIM 43-3373] "C:/Users/workspace/RISC_V_32I/BTBandBHT/BTBandBHT.sim/testBench.v" Line 116. System function $fscanf is used as system task. This system function should have a LHS e.g. x=$fscanf().
Compiling module xil_defaultlib.glbl
Built simulation snapshot testBench_behav
INFO: [USF-XSim-69] 'elaborate' step finished in '2' seconds
INFO: [USF-XSim-4] XSim::Simulate design
INFO: [USF-XSim-61] Executing 'SIMULATE' step in 'C:/Users/workspace/RISC_V_32I/BTBandBHT/BTBandBHT.sim/sim_1/behav/xsim'
INFO: [USF-XSim-98] *** Running xsim
   with args "testBench_behav -key {Behavioral:sim_1:Functional:testBench} -tclbatch {testBench.tcl} -log {simulate.log}"
INFO: [USF-XSim-8] Loading simulator feature
Vivado Simulator 2018.3
Time resolution is 1 ps
source testBench.tcl
# set curr_wave [current_wave_config]
# if { [string length $curr_wave] == 0 } {
#   if { [llength [get_objects]] > 0} {
#     add_wave /
#     set_property needs_save false [current_wave_config]
#   } else {
#      send_msg_id Add_Wave-1 WARNING "No top level signals found. Simulator will start without a wave window. If you want to open a wave window go to 'File->New Waveform Configuration' or type 'create_wave_config' in the TCL console."
#   }
# }
# run 1000ns
Initialing reg values...
Loading DataRam Content from file...
INFO: [USF-XSim-96] XSim completed. Design snapshot 'testBench_behav' loaded.
INFO: [USF-XSim-97] XSim simulation ran for 1000ns
launch_simulation: Time (s): cpu = 00:00:03 ; elapsed = 00:00:06 . Memory (MB): peak = 1076.453 ; gain = 0.000
current_wave_config {Untitled 3}
Untitled 3
add_wave {{/testBench/RV32Core1/BranchE}} 
current_wave_config {Untitled 3}
Untitled 3
add_wave {{/testBench/RV32Core1/FlushE}} 
current_wave_config {Untitled 3}
Untitled 3
add_wave {{/testBench/RV32Core1/FlushF}} 
current_wave_config {Untitled 3}
Untitled 3
add_wave {{/testBench/RV32Core1/NPC_PRED}} 
current_wave_config {Untitled 3}
Untitled 3
add_wave {{/testBench/RV32Core1/HistoryPredictedF}} 
current_wave_config {Untitled 3}
Untitled 3
add_wave {{/testBench/RV32Core1/HistoryPredictedF}} {{/testBench/RV32Core1/PCE}} {{/testBench/RV32Core1/PCF}} {{/testBench/RV32Core1/PredictedD}} {{/testBench/RV32Core1/PredictedE}} {{/testBench/RV32Core1/PredictedF}} {{/testBench/RV32Core1/PredictedPC}} 
restart
INFO: [Simtcl 6-17] Simulation restarted
run 10 ns
Initialing reg values...
Loading DataRam Content from file...
restart
INFO: [Simtcl 6-17] Simulation restarted
run 10 ns
Initialing reg values...
Loading DataRam Content from file...
restart
INFO: [Simtcl 6-17] Simulation restarted
run 16430 ns
Initialing reg values...
Loading DataRam Content from file...
Loading InstRam Content from file...
Start Instruction Execution!
run 10 ns
run 10 ns
run 10 ns
run 10 ns
run 10 ns
run 10 ns
run 10 ns
run 10 ns
run 10 ns
run 10 ns
run 10 ns
run 10 ns
run 10 ns
close_sim
INFO: [Simtcl 6-16] Simulation closed
launch_simulation
INFO: [Vivado 12-5682] Launching behavioral simulation in 'C:/Users/workspace/RISC_V_32I/BTBandBHT/BTBandBHT.sim/sim_1/behav/xsim'
INFO: [SIM-utils-51] Simulation object is 'sim_1'
INFO: [SIM-utils-54] Inspecting design source files for 'testBench' in fileset 'sim_1'...
INFO: [USF-XSim-97] Finding global include files...
INFO: [USF-XSim-98] Fetching design files from 'sim_1'...
INFO: [USF-XSim-2] XSim::Compile design
INFO: [USF-XSim-61] Executing 'COMPILE and ANALYZE' step in 'C:/Users/workspace/RISC_V_32I/BTBandBHT/BTBandBHT.sim/sim_1/behav/xsim'
"xvlog --incr --relax -prj testBench_vlog.prj"
INFO: [VRFC 10-2263] Analyzing Verilog file "C:/Users/workspace/RISC_V_32I/BTBandBHT/BTBandBHT.srcs/cpu_rtl/ALU.v" into library xil_defaultlib
INFO: [VRFC 10-311] analyzing module ALU
INFO: [VRFC 10-2263] Analyzing Verilog file "C:/Users/workspace/RISC_V_32I/BTBandBHT/BTBandBHT.srcs/cpu_rtl/BranchDecisionMaking.v" into library xil_defaultlib
INFO: [VRFC 10-311] analyzing module BranchDecisionMaking
INFO: [VRFC 10-2263] Analyzing Verilog file "C:/Users/workspace/RISC_V_32I/BTBandBHT/BTBandBHT.srcs/cpu_rtl/ControlUnit.v" into library xil_defaultlib
INFO: [VRFC 10-311] analyzing module ControlUnit
INFO: [VRFC 10-2263] Analyzing Verilog file "C:/Users/workspace/RISC_V_32I/BTBandBHT/BTBandBHT.srcs/cpu_rtl/DataExt.v" into library xil_defaultlib
INFO: [VRFC 10-311] analyzing module DataExt
INFO: [VRFC 10-2263] Analyzing Verilog file "C:/Users/workspace/RISC_V_32I/BTBandBHT/BTBandBHT.srcs/cpu_rtl/BRAMModule/DataRam.v" into library xil_defaultlib
INFO: [VRFC 10-311] analyzing module DataRam
INFO: [VRFC 10-2263] Analyzing Verilog file "C:/Users/workspace/RISC_V_32I/BTBandBHT/BTBandBHT.srcs/cpu_rtl/EXSegReg.v" into library xil_defaultlib
INFO: [VRFC 10-311] analyzing module EXSegReg
INFO: [VRFC 10-2263] Analyzing Verilog file "C:/Users/workspace/RISC_V_32I/BTBandBHT/BTBandBHT.srcs/cpu_rtl/HarzardUnit.v" into library xil_defaultlib
INFO: [VRFC 10-311] analyzing module HarzardUnit
INFO: [VRFC 10-2263] Analyzing Verilog file "C:/Users/workspace/RISC_V_32I/BTBandBHT/BTBandBHT.srcs/cpu_rtl/IDSegReg.v" into library xil_defaultlib
INFO: [VRFC 10-311] analyzing module IDSegReg
INFO: [VRFC 10-2263] Analyzing Verilog file "C:/Users/workspace/RISC_V_32I/BTBandBHT/BTBandBHT.srcs/cpu_rtl/IFSegReg.v" into library xil_defaultlib
INFO: [VRFC 10-311] analyzing module IFSegReg
INFO: [VRFC 10-2263] Analyzing Verilog file "C:/Users/workspace/RISC_V_32I/BTBandBHT/BTBandBHT.srcs/cpu_rtl/ImmOperandUnit.v" into library xil_defaultlib
INFO: [VRFC 10-311] analyzing module ImmOperandUnit
INFO: [VRFC 10-2263] Analyzing Verilog file "C:/Users/workspace/RISC_V_32I/BTBandBHT/BTBandBHT.srcs/cpu_rtl/BRAMModule/InstructionRam.v" into library xil_defaultlib
INFO: [VRFC 10-311] analyzing module InstructionRam
INFO: [VRFC 10-2263] Analyzing Verilog file "C:/Users/workspace/RISC_V_32I/BTBandBHT/BTBandBHT.srcs/cpu_rtl/MEMSegReg.v" into library xil_defaultlib
INFO: [VRFC 10-311] analyzing module MEMSegReg
INFO: [VRFC 10-2263] Analyzing Verilog file "C:/Users/workspace/RISC_V_32I/BTBandBHT/BTBandBHT.srcs/cpu_rtl/NPC_Generator.v" into library xil_defaultlib
INFO: [VRFC 10-311] analyzing module NPC_Generator
INFO: [VRFC 10-2263] Analyzing Verilog file "C:/Users/workspace/RISC_V_32I/BTBandBHT/BTBandBHT.srcs/cpu_rtl/RV32Core.v" into library xil_defaultlib
INFO: [VRFC 10-311] analyzing module RV32Core
INFO: [VRFC 10-2263] Analyzing Verilog file "C:/Users/workspace/RISC_V_32I/BTBandBHT/BTBandBHT.srcs/cpu_rtl/RegisterFile.v" into library xil_defaultlib
INFO: [VRFC 10-311] analyzing module RegisterFile
INFO: [VRFC 10-2263] Analyzing Verilog file "C:/Users/workspace/RISC_V_32I/BTBandBHT/BTBandBHT.srcs/cpu_rtl/WBSegReg.v" into library xil_defaultlib
INFO: [VRFC 10-311] analyzing module WBSegReg
INFO: [USF-XSim-69] 'compile' step finished in '1' seconds
INFO: [USF-XSim-3] XSim::Elaborate design
INFO: [USF-XSim-61] Executing 'ELABORATE' step in 'C:/Users/workspace/RISC_V_32I/BTBandBHT/BTBandBHT.sim/sim_1/behav/xsim'
Vivado Simulator 2018.3
Copyright 1986-1999, 2001-2018 Xilinx, Inc. All Rights Reserved.
Running: C:/Xilinx/Vivado/2018.3/bin/unwrapped/win64.o/xelab.exe -wto 7b00d9dfb43e4cd7acfe98d8fa577175 --incr --debug typical --relax --mt 2 -L xil_defaultlib -L unisims_ver -L unimacro_ver -L secureip --snapshot testBench_behav xil_defaultlib.testBench xil_defaultlib.glbl -log elaborate.log 
Using 2 slave threads.
Starting static elaboration
WARNING: [VRFC 10-3091] actual bit length 5 differs from formal bit length 4 for port 'AluContrlD' [C:/Users/workspace/RISC_V_32I/BTBandBHT/BTBandBHT.srcs/cpu_rtl/RV32Core.v:169]
WARNING: [VRFC 10-3091] actual bit length 4 differs from formal bit length 5 for port 'AluContrlE' [C:/Users/workspace/RISC_V_32I/BTBandBHT/BTBandBHT.srcs/cpu_rtl/RV32Core.v:231]
WARNING: [VRFC 10-3091] actual bit length 1 differs from formal bit length 3 for port 'MemToRegE' [C:/Users/workspace/RISC_V_32I/BTBandBHT/BTBandBHT.srcs/cpu_rtl/RV32Core.v:328]
Completed static elaboration
Starting simulation data flow analysis
WARNING: [XSIM 43-4099] "C:/Users/workspace/RISC_V_32I/BTBandBHT/BTBandBHT.srcs/cpu_rtl/btb.sv" Line 1. Module btb doesn't have a timescale but at least one module in design has a timescale.
WARNING: [XSIM 43-4099] "C:/Users/workspace/RISC_V_32I/BTBandBHT/BTBandBHT.srcs/cpu_rtl/bht.sv" Line 1. Module bht doesn't have a timescale but at least one module in design has a timescale.
Completed simulation data flow analysis
Time Resolution for simulation is 1ps
Compiling module xil_defaultlib.NPC_Generator
Compiling module xil_defaultlib.IFSegReg
Compiling module xil_defaultlib.InstructionRam
Compiling module xil_defaultlib.IDSegReg
Compiling module xil_defaultlib.ControlUnit
Compiling module xil_defaultlib.ImmOperandUnit
Compiling module xil_defaultlib.RegisterFile
Compiling module xil_defaultlib.EXSegReg
Compiling module xil_defaultlib.ALU
Compiling module xil_defaultlib.BranchDecisionMaking
Compiling module xil_defaultlib.MEMSegReg
Compiling module xil_defaultlib.DataRam
Compiling module xil_defaultlib.WBSegReg
Compiling module xil_defaultlib.DataExt
Compiling module xil_defaultlib.HarzardUnit
Compiling module xil_defaultlib.btb
Compiling module xil_defaultlib.bht
Compiling module xil_defaultlib.RV32Core
Compiling module xil_defaultlib.testBench
WARNING: [XSIM 43-3373] "C:/Users/workspace/RISC_V_32I/BTBandBHT/BTBandBHT.sim/testBench.v" Line 77. System function $fscanf is used as system task. This system function should have a LHS e.g. x=$fscanf().
WARNING: [XSIM 43-3373] "C:/Users/workspace/RISC_V_32I/BTBandBHT/BTBandBHT.sim/testBench.v" Line 91. System function $fscanf is used as system task. This system function should have a LHS e.g. x=$fscanf().
WARNING: [XSIM 43-3373] "C:/Users/workspace/RISC_V_32I/BTBandBHT/BTBandBHT.sim/testBench.v" Line 102. System function $fscanf is used as system task. This system function should have a LHS e.g. x=$fscanf().
WARNING: [XSIM 43-3373] "C:/Users/workspace/RISC_V_32I/BTBandBHT/BTBandBHT.sim/testBench.v" Line 116. System function $fscanf is used as system task. This system function should have a LHS e.g. x=$fscanf().
Compiling module xil_defaultlib.glbl
Built simulation snapshot testBench_behav
INFO: [USF-XSim-69] 'elaborate' step finished in '2' seconds
INFO: [USF-XSim-4] XSim::Simulate design
INFO: [USF-XSim-61] Executing 'SIMULATE' step in 'C:/Users/workspace/RISC_V_32I/BTBandBHT/BTBandBHT.sim/sim_1/behav/xsim'
INFO: [USF-XSim-98] *** Running xsim
   with args "testBench_behav -key {Behavioral:sim_1:Functional:testBench} -tclbatch {testBench.tcl} -log {simulate.log}"
INFO: [USF-XSim-8] Loading simulator feature
Vivado Simulator 2018.3
Time resolution is 1 ps
source testBench.tcl
# set curr_wave [current_wave_config]
# if { [string length $curr_wave] == 0 } {
#   if { [llength [get_objects]] > 0} {
#     add_wave /
#     set_property needs_save false [current_wave_config]
#   } else {
#      send_msg_id Add_Wave-1 WARNING "No top level signals found. Simulator will start without a wave window. If you want to open a wave window go to 'File->New Waveform Configuration' or type 'create_wave_config' in the TCL console."
#   }
# }
# run 1000ns
Initialing reg values...
Loading DataRam Content from file...
INFO: [USF-XSim-96] XSim completed. Design snapshot 'testBench_behav' loaded.
INFO: [USF-XSim-97] XSim simulation ran for 1000ns
launch_simulation: Time (s): cpu = 00:00:02 ; elapsed = 00:00:06 . Memory (MB): peak = 1076.453 ; gain = 0.000
current_wave_config {Untitled 4}
Untitled 4
add_wave {{/testBench/RV32Core1/BranchE}} 
current_wave_config {Untitled 4}
Untitled 4
add_wave {{/testBench/RV32Core1/FlushD}} {{/testBench/RV32Core1/FlushE}} 
current_wave_config {Untitled 4}
Untitled 4
add_wave {{/testBench/RV32Core1/HistoryPredictedF}} 
current_wave_config {Untitled 4}
Untitled 4
add_wave {{/testBench/RV32Core1/NPC_PRED}} 
current_wave_config {Untitled 4}
Untitled 4
add_wave {{/testBench/RV32Core1/PCE}} {{/testBench/RV32Core1/PCF}} {{/testBench/RV32Core1/PredictedD}} {{/testBench/RV32Core1/PredictedE}} {{/testBench/RV32Core1/PredictedF}} {{/testBench/RV32Core1/PredictedPC}} 
restart
INFO: [Simtcl 6-17] Simulation restarted
run 10 ns
Initialing reg values...
Loading DataRam Content from file...
restart
INFO: [Simtcl 6-17] Simulation restarted
run 10 ns
Initialing reg values...
Loading DataRam Content from file...
restart
INFO: [Simtcl 6-17] Simulation restarted
run 16430 ns
Initialing reg values...
Loading DataRam Content from file...
Loading InstRam Content from file...
Start Instruction Execution!
run 10 ns
run 10 ns
run 10 ns
run 10 ns
run 10 ns
run 10 ns
run 10 ns
run 10 ns
run 10 ns
run 10 ns
run 10 ns
close_sim
INFO: [Simtcl 6-16] Simulation closed
launch_simulation
INFO: [Vivado 12-5682] Launching behavioral simulation in 'C:/Users/workspace/RISC_V_32I/BTBandBHT/BTBandBHT.sim/sim_1/behav/xsim'
INFO: [SIM-utils-51] Simulation object is 'sim_1'
INFO: [SIM-utils-54] Inspecting design source files for 'testBench' in fileset 'sim_1'...
INFO: [USF-XSim-97] Finding global include files...
INFO: [USF-XSim-98] Fetching design files from 'sim_1'...
INFO: [USF-XSim-2] XSim::Compile design
INFO: [USF-XSim-61] Executing 'COMPILE and ANALYZE' step in 'C:/Users/workspace/RISC_V_32I/BTBandBHT/BTBandBHT.sim/sim_1/behav/xsim'
"xvlog --incr --relax -prj testBench_vlog.prj"
INFO: [VRFC 10-2263] Analyzing Verilog file "C:/Users/workspace/RISC_V_32I/BTBandBHT/BTBandBHT.srcs/cpu_rtl/ALU.v" into library xil_defaultlib
INFO: [VRFC 10-311] analyzing module ALU
INFO: [VRFC 10-2263] Analyzing Verilog file "C:/Users/workspace/RISC_V_32I/BTBandBHT/BTBandBHT.srcs/cpu_rtl/BranchDecisionMaking.v" into library xil_defaultlib
INFO: [VRFC 10-311] analyzing module BranchDecisionMaking
INFO: [VRFC 10-2263] Analyzing Verilog file "C:/Users/workspace/RISC_V_32I/BTBandBHT/BTBandBHT.srcs/cpu_rtl/ControlUnit.v" into library xil_defaultlib
INFO: [VRFC 10-311] analyzing module ControlUnit
INFO: [VRFC 10-2263] Analyzing Verilog file "C:/Users/workspace/RISC_V_32I/BTBandBHT/BTBandBHT.srcs/cpu_rtl/DataExt.v" into library xil_defaultlib
INFO: [VRFC 10-311] analyzing module DataExt
INFO: [VRFC 10-2263] Analyzing Verilog file "C:/Users/workspace/RISC_V_32I/BTBandBHT/BTBandBHT.srcs/cpu_rtl/BRAMModule/DataRam.v" into library xil_defaultlib
INFO: [VRFC 10-311] analyzing module DataRam
INFO: [VRFC 10-2263] Analyzing Verilog file "C:/Users/workspace/RISC_V_32I/BTBandBHT/BTBandBHT.srcs/cpu_rtl/EXSegReg.v" into library xil_defaultlib
INFO: [VRFC 10-311] analyzing module EXSegReg
INFO: [VRFC 10-2263] Analyzing Verilog file "C:/Users/workspace/RISC_V_32I/BTBandBHT/BTBandBHT.srcs/cpu_rtl/HarzardUnit.v" into library xil_defaultlib
INFO: [VRFC 10-311] analyzing module HarzardUnit
INFO: [VRFC 10-2263] Analyzing Verilog file "C:/Users/workspace/RISC_V_32I/BTBandBHT/BTBandBHT.srcs/cpu_rtl/IDSegReg.v" into library xil_defaultlib
INFO: [VRFC 10-311] analyzing module IDSegReg
INFO: [VRFC 10-2263] Analyzing Verilog file "C:/Users/workspace/RISC_V_32I/BTBandBHT/BTBandBHT.srcs/cpu_rtl/IFSegReg.v" into library xil_defaultlib
INFO: [VRFC 10-311] analyzing module IFSegReg
INFO: [VRFC 10-2263] Analyzing Verilog file "C:/Users/workspace/RISC_V_32I/BTBandBHT/BTBandBHT.srcs/cpu_rtl/ImmOperandUnit.v" into library xil_defaultlib
INFO: [VRFC 10-311] analyzing module ImmOperandUnit
INFO: [VRFC 10-2263] Analyzing Verilog file "C:/Users/workspace/RISC_V_32I/BTBandBHT/BTBandBHT.srcs/cpu_rtl/BRAMModule/InstructionRam.v" into library xil_defaultlib
INFO: [VRFC 10-311] analyzing module InstructionRam
INFO: [VRFC 10-2263] Analyzing Verilog file "C:/Users/workspace/RISC_V_32I/BTBandBHT/BTBandBHT.srcs/cpu_rtl/MEMSegReg.v" into library xil_defaultlib
INFO: [VRFC 10-311] analyzing module MEMSegReg
INFO: [VRFC 10-2263] Analyzing Verilog file "C:/Users/workspace/RISC_V_32I/BTBandBHT/BTBandBHT.srcs/cpu_rtl/NPC_Generator.v" into library xil_defaultlib
INFO: [VRFC 10-311] analyzing module NPC_Generator
INFO: [VRFC 10-2263] Analyzing Verilog file "C:/Users/workspace/RISC_V_32I/BTBandBHT/BTBandBHT.srcs/cpu_rtl/RV32Core.v" into library xil_defaultlib
INFO: [VRFC 10-311] analyzing module RV32Core
INFO: [VRFC 10-2263] Analyzing Verilog file "C:/Users/workspace/RISC_V_32I/BTBandBHT/BTBandBHT.srcs/cpu_rtl/RegisterFile.v" into library xil_defaultlib
INFO: [VRFC 10-311] analyzing module RegisterFile
INFO: [VRFC 10-2263] Analyzing Verilog file "C:/Users/workspace/RISC_V_32I/BTBandBHT/BTBandBHT.srcs/cpu_rtl/WBSegReg.v" into library xil_defaultlib
INFO: [VRFC 10-311] analyzing module WBSegReg
INFO: [USF-XSim-69] 'compile' step finished in '1' seconds
INFO: [USF-XSim-3] XSim::Elaborate design
INFO: [USF-XSim-61] Executing 'ELABORATE' step in 'C:/Users/workspace/RISC_V_32I/BTBandBHT/BTBandBHT.sim/sim_1/behav/xsim'
Vivado Simulator 2018.3
Copyright 1986-1999, 2001-2018 Xilinx, Inc. All Rights Reserved.
Running: C:/Xilinx/Vivado/2018.3/bin/unwrapped/win64.o/xelab.exe -wto 7b00d9dfb43e4cd7acfe98d8fa577175 --incr --debug typical --relax --mt 2 -L xil_defaultlib -L unisims_ver -L unimacro_ver -L secureip --snapshot testBench_behav xil_defaultlib.testBench xil_defaultlib.glbl -log elaborate.log 
Using 2 slave threads.
Starting static elaboration
WARNING: [VRFC 10-3091] actual bit length 5 differs from formal bit length 4 for port 'AluContrlD' [C:/Users/workspace/RISC_V_32I/BTBandBHT/BTBandBHT.srcs/cpu_rtl/RV32Core.v:169]
WARNING: [VRFC 10-3091] actual bit length 4 differs from formal bit length 5 for port 'AluContrlE' [C:/Users/workspace/RISC_V_32I/BTBandBHT/BTBandBHT.srcs/cpu_rtl/RV32Core.v:231]
WARNING: [VRFC 10-3091] actual bit length 1 differs from formal bit length 3 for port 'MemToRegE' [C:/Users/workspace/RISC_V_32I/BTBandBHT/BTBandBHT.srcs/cpu_rtl/RV32Core.v:328]
Completed static elaboration
Starting simulation data flow analysis
WARNING: [XSIM 43-4099] "C:/Users/workspace/RISC_V_32I/BTBandBHT/BTBandBHT.srcs/cpu_rtl/btb.sv" Line 1. Module btb doesn't have a timescale but at least one module in design has a timescale.
WARNING: [XSIM 43-4099] "C:/Users/workspace/RISC_V_32I/BTBandBHT/BTBandBHT.srcs/cpu_rtl/bht.sv" Line 1. Module bht doesn't have a timescale but at least one module in design has a timescale.
Completed simulation data flow analysis
Time Resolution for simulation is 1ps
Compiling module xil_defaultlib.NPC_Generator
Compiling module xil_defaultlib.IFSegReg
Compiling module xil_defaultlib.InstructionRam
Compiling module xil_defaultlib.IDSegReg
Compiling module xil_defaultlib.ControlUnit
Compiling module xil_defaultlib.ImmOperandUnit
Compiling module xil_defaultlib.RegisterFile
Compiling module xil_defaultlib.EXSegReg
Compiling module xil_defaultlib.ALU
Compiling module xil_defaultlib.BranchDecisionMaking
Compiling module xil_defaultlib.MEMSegReg
Compiling module xil_defaultlib.DataRam
Compiling module xil_defaultlib.WBSegReg
Compiling module xil_defaultlib.DataExt
Compiling module xil_defaultlib.HarzardUnit
Compiling module xil_defaultlib.btb
Compiling module xil_defaultlib.bht
Compiling module xil_defaultlib.RV32Core
Compiling module xil_defaultlib.testBench
WARNING: [XSIM 43-3373] "C:/Users/workspace/RISC_V_32I/BTBandBHT/BTBandBHT.sim/testBench.v" Line 77. System function $fscanf is used as system task. This system function should have a LHS e.g. x=$fscanf().
WARNING: [XSIM 43-3373] "C:/Users/workspace/RISC_V_32I/BTBandBHT/BTBandBHT.sim/testBench.v" Line 91. System function $fscanf is used as system task. This system function should have a LHS e.g. x=$fscanf().
WARNING: [XSIM 43-3373] "C:/Users/workspace/RISC_V_32I/BTBandBHT/BTBandBHT.sim/testBench.v" Line 102. System function $fscanf is used as system task. This system function should have a LHS e.g. x=$fscanf().
WARNING: [XSIM 43-3373] "C:/Users/workspace/RISC_V_32I/BTBandBHT/BTBandBHT.sim/testBench.v" Line 116. System function $fscanf is used as system task. This system function should have a LHS e.g. x=$fscanf().
Compiling module xil_defaultlib.glbl
Built simulation snapshot testBench_behav
INFO: [USF-XSim-69] 'elaborate' step finished in '2' seconds
INFO: [USF-XSim-4] XSim::Simulate design
INFO: [USF-XSim-61] Executing 'SIMULATE' step in 'C:/Users/workspace/RISC_V_32I/BTBandBHT/BTBandBHT.sim/sim_1/behav/xsim'
INFO: [USF-XSim-98] *** Running xsim
   with args "testBench_behav -key {Behavioral:sim_1:Functional:testBench} -tclbatch {testBench.tcl} -log {simulate.log}"
INFO: [USF-XSim-8] Loading simulator feature
Vivado Simulator 2018.3
Time resolution is 1 ps
source testBench.tcl
# set curr_wave [current_wave_config]
# if { [string length $curr_wave] == 0 } {
#   if { [llength [get_objects]] > 0} {
#     add_wave /
#     set_property needs_save false [current_wave_config]
#   } else {
#      send_msg_id Add_Wave-1 WARNING "No top level signals found. Simulator will start without a wave window. If you want to open a wave window go to 'File->New Waveform Configuration' or type 'create_wave_config' in the TCL console."
#   }
# }
# run 1000ns
Initialing reg values...
Loading DataRam Content from file...
INFO: [USF-XSim-96] XSim completed. Design snapshot 'testBench_behav' loaded.
INFO: [USF-XSim-97] XSim simulation ran for 1000ns
launch_simulation: Time (s): cpu = 00:00:02 ; elapsed = 00:00:06 . Memory (MB): peak = 1076.453 ; gain = 0.000
current_wave_config {Untitled 5}
Untitled 5
add_wave {{/testBench/RV32Core1/BranchE}} 
current_wave_config {Untitled 5}
Untitled 5
add_wave {{/testBench/RV32Core1/FlushD}} {{/testBench/RV32Core1/FlushE}} 
current_wave_config {Untitled 5}
Untitled 5
add_wave {{/testBench/RV32Core1/HistoryPredictedF}} 
current_wave_config {Untitled 5}
Untitled 5
add_wave {{/testBench/RV32Core1/NPC_PRED}} 
current_wave_config {Untitled 5}
Untitled 5
add_wave {{/testBench/RV32Core1/PCE}} {{/testBench/RV32Core1/PCF}} {{/testBench/RV32Core1/PredictedD}} {{/testBench/RV32Core1/PredictedE}} {{/testBench/RV32Core1/PredictedF}} {{/testBench/RV32Core1/PredictedPC}} 
restart
INFO: [Simtcl 6-17] Simulation restarted
run 10 ns
Initialing reg values...
Loading DataRam Content from file...
restart
INFO: [Simtcl 6-17] Simulation restarted
run 10 ns
Initialing reg values...
Loading DataRam Content from file...
restart
INFO: [Simtcl 6-17] Simulation restarted
run 16430 ns
Initialing reg values...
Loading DataRam Content from file...
Loading InstRam Content from file...
Start Instruction Execution!
run 10 ns
run 10 ns
run 10 ns
run 10 ns
run 10 ns
run 10 ns
run 10 ns
run 10 ns
run 10 ns
run 10 ns
run 10 ns
run 10 ns
run 10 ns
run 10 ns
run 10 ns
run 10 ns
run 10 ns
run 10 ns
run 10 ns
run 10 ns
run 10 ns
run 10 ns
run 10 ns
run 10 ns
run 10 ns
run 10 ns
run 10 ns
run 10 ns
run 10 ns
run 10 ns
run 100 ns
run 100 ns
run 100 ns
run 100 ns
run 100 ns
run 100 ns
run 100 ns
run 100 ns
run 100 ns
run 100 ns
run 100 ns
run 100 ns
run 100 ns
run 100 ns
run 100 ns
run 100 ns
run 100 ns
run 100 ns
run 100 ns
run 100 ns
run 100 ns
run 100 ns
run 100 ns
run 100 ns
run 100 ns
run 100 ns
run 100 ns
run 100 ns
run 100 ns
run 100 ns
run 100 ns
restart
INFO: [Simtcl 6-17] Simulation restarted
run 16430 ns
Initialing reg values...
Loading DataRam Content from file...
Loading InstRam Content from file...
Start Instruction Execution!
run 10 ns
run 10 ns
run 10 ns
run 10 ns
run 10 ns
run 10 ns
run 10 ns
run 10 ns
run 10 ns
run 10 ns
run 10 ns
run 10 ns
run 10 ns
run 10 ns
run 10 ns
run 10 ns
run 10 ns
run 10 ns
run 10 ns
run 10 ns
run 10 ns
run 10 ns
run 10 ns
run 10 ns
run 10 ns
run 10 ns
run 10 ns
run 10 ns
run 10 ns
run 10 ns
run 10 ns
run 10 ns
run 10 ns
run 10 ns
run 10 ns
run 10 ns
run 10 ns
run 10 ns
run 10 ns
run 10 ns
run 10 ns
run 10 ns
run 10 ns
run 10 ns
run 10 ns
run 10 ns
run 10 ns
run 10 ns
restart
INFO: [Simtcl 6-17] Simulation restarted
run 16430 ns
Initialing reg values...
Loading DataRam Content from file...
Loading InstRam Content from file...
Start Instruction Execution!
run 50 ns
run 50 ns
run 50 ns
run 50 ns
run 50 ns
run 50 ns
run 50 ns
run 50 ns
restart
INFO: [Simtcl 6-17] Simulation restarted
run 16430 ns
Initialing reg values...
Loading DataRam Content from file...
Loading InstRam Content from file...
Start Instruction Execution!
run 50 ns
run 50 ns
run 50 ns
run 50 ns
run 50 ns
run 50 ns
run 50 ns
run 4 ns
run 4 ns
run 4 ns
run 4 ns
run 4 ns
run 4 ns
run 4 ns
run 4 ns
run 4 ns
run 4 ns
run 4 ns
run 4 ns
run 50 ns
run 50 ns
run 50 ns
run 50 ns
run 50 ns
run 50 ns
run 50 ns
run 50 ns
current_wave_config {Untitled 5}
Untitled 5
add_wave {{/testBench/RV32Core1/Operand1}} 
current_wave_config {Untitled 5}
Untitled 5
add_wave {{/testBench/RV32Core1/Operand2}} 
restart
INFO: [Simtcl 6-17] Simulation restarted
run 16430 ns
Initialing reg values...
Loading DataRam Content from file...
Loading InstRam Content from file...
Start Instruction Execution!
run 50 ns
run 50 ns
run 50 ns
run 50 ns
run 50 ns
run 50 ns
run 50 ns
run 4 ns
run 4 ns
run 4 ns
run 4 ns
run 4 ns
run 4 ns
run 4 ns
run 4 ns
run 4 ns
run 4 ns
run 4 ns
run 4 ns
run 4 ns
run 4 ns
run 4 ns
run 4 ns
run 4 ns
run 4 ns
run 4 ns
run 4 ns
restart
INFO: [Simtcl 6-17] Simulation restarted
run 16430 ns
Initialing reg values...
Loading DataRam Content from file...
Loading InstRam Content from file...
Start Instruction Execution!
run 4 ns
run 4 ns
run 4 ns
run 4 ns
run 4 ns
run 4 ns
run 4 ns
run 4 ns
run 4 ns
run 4 ns
run 4 ns
run 4 ns
run 4 ns
run 4 ns
run 4 ns
run 4 ns
run 4 ns
run 4 ns
run 4 ns
run 4 ns
run 4 ns
run 4 ns
run 4 ns
run 4 ns
run 4 ns
run 4 ns
run 4 ns
current_wave_config {Untitled 5}
Untitled 5
add_wave {{/testBench/RV32Core1/BrNPC}} 
restart
INFO: [Simtcl 6-17] Simulation restarted
run 16430 ns
Initialing reg values...
Loading DataRam Content from file...
Loading InstRam Content from file...
Start Instruction Execution!
run 4 ns
run 4 ns
run 4 ns
run 4 ns
run 4 ns
run 4 ns
run 4 ns
run 4 ns
run 4 ns
run 4 ns
run 4 ns
run 4 ns
run 4 ns
run 4 ns
run 4 ns
run 4 ns
run 4 ns
run 4 ns
run 4 ns
run 4 ns
run 4 ns
run 4 ns
run 4 ns
run 4 ns
run 4 ns
current_wave_config {Untitled 5}
Untitled 5
add_wave {{/testBench/RV32Core1/NPC_Generator1/BranchTarget}} 
current_wave_config {Untitled 5}
Untitled 5
add_wave {{/testBench/RV32Core1/NPC_Generator1/PredictedE}} 
close_sim
INFO: [Simtcl 6-16] Simulation closed
launch_simulation
INFO: [Vivado 12-5682] Launching behavioral simulation in 'C:/Users/workspace/RISC_V_32I/BTBandBHT/BTBandBHT.sim/sim_1/behav/xsim'
INFO: [SIM-utils-51] Simulation object is 'sim_1'
INFO: [SIM-utils-54] Inspecting design source files for 'testBench' in fileset 'sim_1'...
INFO: [USF-XSim-97] Finding global include files...
INFO: [USF-XSim-98] Fetching design files from 'sim_1'...
INFO: [USF-XSim-2] XSim::Compile design
INFO: [USF-XSim-61] Executing 'COMPILE and ANALYZE' step in 'C:/Users/workspace/RISC_V_32I/BTBandBHT/BTBandBHT.sim/sim_1/behav/xsim'
"xvlog --incr --relax -prj testBench_vlog.prj"
INFO: [VRFC 10-2263] Analyzing Verilog file "C:/Users/workspace/RISC_V_32I/BTBandBHT/BTBandBHT.srcs/cpu_rtl/ALU.v" into library xil_defaultlib
INFO: [VRFC 10-311] analyzing module ALU
INFO: [VRFC 10-2263] Analyzing Verilog file "C:/Users/workspace/RISC_V_32I/BTBandBHT/BTBandBHT.srcs/cpu_rtl/BranchDecisionMaking.v" into library xil_defaultlib
INFO: [VRFC 10-311] analyzing module BranchDecisionMaking
INFO: [VRFC 10-2263] Analyzing Verilog file "C:/Users/workspace/RISC_V_32I/BTBandBHT/BTBandBHT.srcs/cpu_rtl/ControlUnit.v" into library xil_defaultlib
INFO: [VRFC 10-311] analyzing module ControlUnit
INFO: [VRFC 10-2263] Analyzing Verilog file "C:/Users/workspace/RISC_V_32I/BTBandBHT/BTBandBHT.srcs/cpu_rtl/DataExt.v" into library xil_defaultlib
INFO: [VRFC 10-311] analyzing module DataExt
INFO: [VRFC 10-2263] Analyzing Verilog file "C:/Users/workspace/RISC_V_32I/BTBandBHT/BTBandBHT.srcs/cpu_rtl/BRAMModule/DataRam.v" into library xil_defaultlib
INFO: [VRFC 10-311] analyzing module DataRam
INFO: [VRFC 10-2263] Analyzing Verilog file "C:/Users/workspace/RISC_V_32I/BTBandBHT/BTBandBHT.srcs/cpu_rtl/EXSegReg.v" into library xil_defaultlib
INFO: [VRFC 10-311] analyzing module EXSegReg
INFO: [VRFC 10-2263] Analyzing Verilog file "C:/Users/workspace/RISC_V_32I/BTBandBHT/BTBandBHT.srcs/cpu_rtl/HarzardUnit.v" into library xil_defaultlib
INFO: [VRFC 10-311] analyzing module HarzardUnit
INFO: [VRFC 10-2263] Analyzing Verilog file "C:/Users/workspace/RISC_V_32I/BTBandBHT/BTBandBHT.srcs/cpu_rtl/IDSegReg.v" into library xil_defaultlib
INFO: [VRFC 10-311] analyzing module IDSegReg
INFO: [VRFC 10-2263] Analyzing Verilog file "C:/Users/workspace/RISC_V_32I/BTBandBHT/BTBandBHT.srcs/cpu_rtl/IFSegReg.v" into library xil_defaultlib
INFO: [VRFC 10-311] analyzing module IFSegReg
INFO: [VRFC 10-2263] Analyzing Verilog file "C:/Users/workspace/RISC_V_32I/BTBandBHT/BTBandBHT.srcs/cpu_rtl/ImmOperandUnit.v" into library xil_defaultlib
INFO: [VRFC 10-311] analyzing module ImmOperandUnit
INFO: [VRFC 10-2263] Analyzing Verilog file "C:/Users/workspace/RISC_V_32I/BTBandBHT/BTBandBHT.srcs/cpu_rtl/BRAMModule/InstructionRam.v" into library xil_defaultlib
INFO: [VRFC 10-311] analyzing module InstructionRam
INFO: [VRFC 10-2263] Analyzing Verilog file "C:/Users/workspace/RISC_V_32I/BTBandBHT/BTBandBHT.srcs/cpu_rtl/MEMSegReg.v" into library xil_defaultlib
INFO: [VRFC 10-311] analyzing module MEMSegReg
INFO: [VRFC 10-2263] Analyzing Verilog file "C:/Users/workspace/RISC_V_32I/BTBandBHT/BTBandBHT.srcs/cpu_rtl/NPC_Generator.v" into library xil_defaultlib
INFO: [VRFC 10-311] analyzing module NPC_Generator
INFO: [VRFC 10-2263] Analyzing Verilog file "C:/Users/workspace/RISC_V_32I/BTBandBHT/BTBandBHT.srcs/cpu_rtl/RV32Core.v" into library xil_defaultlib
INFO: [VRFC 10-311] analyzing module RV32Core
INFO: [VRFC 10-2263] Analyzing Verilog file "C:/Users/workspace/RISC_V_32I/BTBandBHT/BTBandBHT.srcs/cpu_rtl/RegisterFile.v" into library xil_defaultlib
INFO: [VRFC 10-311] analyzing module RegisterFile
INFO: [VRFC 10-2263] Analyzing Verilog file "C:/Users/workspace/RISC_V_32I/BTBandBHT/BTBandBHT.srcs/cpu_rtl/WBSegReg.v" into library xil_defaultlib
INFO: [VRFC 10-311] analyzing module WBSegReg
INFO: [USF-XSim-69] 'compile' step finished in '1' seconds
INFO: [USF-XSim-3] XSim::Elaborate design
INFO: [USF-XSim-61] Executing 'ELABORATE' step in 'C:/Users/workspace/RISC_V_32I/BTBandBHT/BTBandBHT.sim/sim_1/behav/xsim'
Vivado Simulator 2018.3
Copyright 1986-1999, 2001-2018 Xilinx, Inc. All Rights Reserved.
Running: C:/Xilinx/Vivado/2018.3/bin/unwrapped/win64.o/xelab.exe -wto 7b00d9dfb43e4cd7acfe98d8fa577175 --incr --debug typical --relax --mt 2 -L xil_defaultlib -L unisims_ver -L unimacro_ver -L secureip --snapshot testBench_behav xil_defaultlib.testBench xil_defaultlib.glbl -log elaborate.log 
Using 2 slave threads.
Starting static elaboration
WARNING: [VRFC 10-3091] actual bit length 5 differs from formal bit length 4 for port 'AluContrlD' [C:/Users/workspace/RISC_V_32I/BTBandBHT/BTBandBHT.srcs/cpu_rtl/RV32Core.v:169]
WARNING: [VRFC 10-3091] actual bit length 4 differs from formal bit length 5 for port 'AluContrlE' [C:/Users/workspace/RISC_V_32I/BTBandBHT/BTBandBHT.srcs/cpu_rtl/RV32Core.v:231]
WARNING: [VRFC 10-3091] actual bit length 1 differs from formal bit length 3 for port 'MemToRegE' [C:/Users/workspace/RISC_V_32I/BTBandBHT/BTBandBHT.srcs/cpu_rtl/RV32Core.v:328]
Completed static elaboration
Starting simulation data flow analysis
WARNING: [XSIM 43-4099] "C:/Users/workspace/RISC_V_32I/BTBandBHT/BTBandBHT.srcs/cpu_rtl/btb.sv" Line 1. Module btb doesn't have a timescale but at least one module in design has a timescale.
WARNING: [XSIM 43-4099] "C:/Users/workspace/RISC_V_32I/BTBandBHT/BTBandBHT.srcs/cpu_rtl/bht.sv" Line 1. Module bht doesn't have a timescale but at least one module in design has a timescale.
Completed simulation data flow analysis
Time Resolution for simulation is 1ps
Compiling module xil_defaultlib.NPC_Generator
Compiling module xil_defaultlib.IFSegReg
Compiling module xil_defaultlib.InstructionRam
Compiling module xil_defaultlib.IDSegReg
Compiling module xil_defaultlib.ControlUnit
Compiling module xil_defaultlib.ImmOperandUnit
Compiling module xil_defaultlib.RegisterFile
Compiling module xil_defaultlib.EXSegReg
Compiling module xil_defaultlib.ALU
Compiling module xil_defaultlib.BranchDecisionMaking
Compiling module xil_defaultlib.MEMSegReg
Compiling module xil_defaultlib.DataRam
Compiling module xil_defaultlib.WBSegReg
Compiling module xil_defaultlib.DataExt
Compiling module xil_defaultlib.HarzardUnit
Compiling module xil_defaultlib.btb
Compiling module xil_defaultlib.bht
Compiling module xil_defaultlib.RV32Core
Compiling module xil_defaultlib.testBench
WARNING: [XSIM 43-3373] "C:/Users/workspace/RISC_V_32I/BTBandBHT/BTBandBHT.sim/testBench.v" Line 77. System function $fscanf is used as system task. This system function should have a LHS e.g. x=$fscanf().
WARNING: [XSIM 43-3373] "C:/Users/workspace/RISC_V_32I/BTBandBHT/BTBandBHT.sim/testBench.v" Line 91. System function $fscanf is used as system task. This system function should have a LHS e.g. x=$fscanf().
WARNING: [XSIM 43-3373] "C:/Users/workspace/RISC_V_32I/BTBandBHT/BTBandBHT.sim/testBench.v" Line 102. System function $fscanf is used as system task. This system function should have a LHS e.g. x=$fscanf().
WARNING: [XSIM 43-3373] "C:/Users/workspace/RISC_V_32I/BTBandBHT/BTBandBHT.sim/testBench.v" Line 116. System function $fscanf is used as system task. This system function should have a LHS e.g. x=$fscanf().
Compiling module xil_defaultlib.glbl
Built simulation snapshot testBench_behav
INFO: [USF-XSim-69] 'elaborate' step finished in '2' seconds
INFO: [USF-XSim-4] XSim::Simulate design
INFO: [USF-XSim-61] Executing 'SIMULATE' step in 'C:/Users/workspace/RISC_V_32I/BTBandBHT/BTBandBHT.sim/sim_1/behav/xsim'
INFO: [USF-XSim-98] *** Running xsim
   with args "testBench_behav -key {Behavioral:sim_1:Functional:testBench} -tclbatch {testBench.tcl} -log {simulate.log}"
INFO: [USF-XSim-8] Loading simulator feature
Vivado Simulator 2018.3
Time resolution is 1 ps
source testBench.tcl
# set curr_wave [current_wave_config]
# if { [string length $curr_wave] == 0 } {
#   if { [llength [get_objects]] > 0} {
#     add_wave /
#     set_property needs_save false [current_wave_config]
#   } else {
#      send_msg_id Add_Wave-1 WARNING "No top level signals found. Simulator will start without a wave window. If you want to open a wave window go to 'File->New Waveform Configuration' or type 'create_wave_config' in the TCL console."
#   }
# }
# run 1000ns
Initialing reg values...
Loading DataRam Content from file...
INFO: [USF-XSim-96] XSim completed. Design snapshot 'testBench_behav' loaded.
INFO: [USF-XSim-97] XSim simulation ran for 1000ns
launch_simulation: Time (s): cpu = 00:00:02 ; elapsed = 00:00:06 . Memory (MB): peak = 1083.406 ; gain = 0.000
current_wave_config {Untitled 6}
Untitled 6
add_wave {{/testBench/RV32Core1/BranchE}} 
current_wave_config {Untitled 6}
Untitled 6
add_wave {{/testBench/RV32Core1/HistoryPredictedF}} 
current_wave_config {Untitled 6}
Untitled 6
add_wave {{/testBench/RV32Core1/NPC_PRED}} 
current_wave_config {Untitled 6}
Untitled 6
add_wave {{/testBench/RV32Core1/NPC_PRED}} {{/testBench/RV32Core1/PCE}} {{/testBench/RV32Core1/PCF}} {{/testBench/RV32Core1/PredictedD}} {{/testBench/RV32Core1/PredictedE}} {{/testBench/RV32Core1/PredictedF}} {{/testBench/RV32Core1/PredictedPC}} 
restart
INFO: [Simtcl 6-17] Simulation restarted
run 4 ns
Initialing reg values...
restart
INFO: [Simtcl 6-17] Simulation restarted
run 4 ns
Initialing reg values...
restart
INFO: [Simtcl 6-17] Simulation restarted
run 16430 ns
Initialing reg values...
Loading DataRam Content from file...
Loading InstRam Content from file...
Start Instruction Execution!
run 4 ns
run 4 ns
run 4 ns
run 4 ns
run 4 ns
run 4 ns
run 4 ns
run 4 ns
run 4 ns
run 4 ns
run 4 ns
run 4 ns
run 4 ns
run 4 ns
run 4 ns
run 4 ns
run 4 ns
run 4 ns
run 4 ns
run 4 ns
run 4 ns
run 4 ns
run 4 ns
run 4 ns
run 4 ns
run 4 ns
run 4 ns
run 4 ns
run 4 ns
run 4 ns
run 4 ns
run 4 ns
run 50 ns
run 50 ns
run 50 ns
run 50 ns
run 50 ns
run 50 ns
run 50 ns
run 50 ns
run 50 ns
run 50 ns
run 50 ns
run 50 ns
run 50 ns
run 50 ns
reset_run synth_1
WARNING: [Vivado 12-1017] Problems encountered:
1. Failed to delete one or more files in run directory C:/Users/workspace/RISC_V_32I/BTBandBHT/BTBandBHT.runs/synth_1

launch_runs synth_1 -jobs 4
[Mon May 27 23:23:56 2019] Launched synth_1...
Run output will be captured here: C:/Users/workspace/RISC_V_32I/BTBandBHT/BTBandBHT.runs/synth_1/runme.log
reset_run synth_1
WARNING: [Vivado 12-1017] Problems encountered:
1. Failed to delete one or more files in run directory C:/Users/workspace/RISC_V_32I/BTBandBHT/BTBandBHT.runs/synth_1

launch_runs synth_1 -jobs 4
[Mon May 27 23:29:17 2019] Launched synth_1...
Run output will be captured here: C:/Users/workspace/RISC_V_32I/BTBandBHT/BTBandBHT.runs/synth_1/runme.log
reset_run synth_1
WARNING: [Vivado 12-1017] Problems encountered:
1. Failed to delete one or more files in run directory C:/Users/workspace/RISC_V_32I/BTBandBHT/BTBandBHT.runs/synth_1

launch_runs synth_1 -jobs 4
[Mon May 27 23:30:14 2019] Launched synth_1...
Run output will be captured here: C:/Users/workspace/RISC_V_32I/BTBandBHT/BTBandBHT.runs/synth_1/runme.log
close_sim
INFO: [Common 17-41] Interrupt caught. Command should exit soon.
INFO: [Simtcl 6-16] Simulation closed
INFO: [Common 17-344] 'close_sim' was cancelled
launch_simulation
INFO: [Vivado 12-5682] Launching behavioral simulation in 'C:/Users/workspace/RISC_V_32I/BTBandBHT/BTBandBHT.sim/sim_1/behav/xsim'
INFO: [SIM-utils-51] Simulation object is 'sim_1'
INFO: [SIM-utils-54] Inspecting design source files for 'testBench' in fileset 'sim_1'...
INFO: [USF-XSim-97] Finding global include files...
INFO: [USF-XSim-98] Fetching design files from 'sim_1'...
INFO: [USF-XSim-2] XSim::Compile design
INFO: [USF-XSim-61] Executing 'COMPILE and ANALYZE' step in 'C:/Users/workspace/RISC_V_32I/BTBandBHT/BTBandBHT.sim/sim_1/behav/xsim'
"xvlog --incr --relax -prj testBench_vlog.prj"
INFO: [VRFC 10-2263] Analyzing Verilog file "C:/Users/workspace/RISC_V_32I/BTBandBHT/BTBandBHT.srcs/cpu_rtl/ALU.v" into library xil_defaultlib
INFO: [VRFC 10-311] analyzing module ALU
INFO: [VRFC 10-2263] Analyzing Verilog file "C:/Users/workspace/RISC_V_32I/BTBandBHT/BTBandBHT.srcs/cpu_rtl/BranchDecisionMaking.v" into library xil_defaultlib
INFO: [VRFC 10-311] analyzing module BranchDecisionMaking
INFO: [VRFC 10-2263] Analyzing Verilog file "C:/Users/workspace/RISC_V_32I/BTBandBHT/BTBandBHT.srcs/cpu_rtl/ControlUnit.v" into library xil_defaultlib
INFO: [VRFC 10-311] analyzing module ControlUnit
INFO: [VRFC 10-2263] Analyzing Verilog file "C:/Users/workspace/RISC_V_32I/BTBandBHT/BTBandBHT.srcs/cpu_rtl/DataExt.v" into library xil_defaultlib
INFO: [VRFC 10-311] analyzing module DataExt
INFO: [VRFC 10-2263] Analyzing Verilog file "C:/Users/workspace/RISC_V_32I/BTBandBHT/BTBandBHT.srcs/cpu_rtl/BRAMModule/DataRam.v" into library xil_defaultlib
INFO: [VRFC 10-311] analyzing module DataRam
INFO: [VRFC 10-2263] Analyzing Verilog file "C:/Users/workspace/RISC_V_32I/BTBandBHT/BTBandBHT.srcs/cpu_rtl/EXSegReg.v" into library xil_defaultlib
INFO: [VRFC 10-311] analyzing module EXSegReg
INFO: [VRFC 10-2263] Analyzing Verilog file "C:/Users/workspace/RISC_V_32I/BTBandBHT/BTBandBHT.srcs/cpu_rtl/HarzardUnit.v" into library xil_defaultlib
INFO: [VRFC 10-311] analyzing module HarzardUnit
INFO: [VRFC 10-2263] Analyzing Verilog file "C:/Users/workspace/RISC_V_32I/BTBandBHT/BTBandBHT.srcs/cpu_rtl/IDSegReg.v" into library xil_defaultlib
INFO: [VRFC 10-311] analyzing module IDSegReg
INFO: [VRFC 10-2263] Analyzing Verilog file "C:/Users/workspace/RISC_V_32I/BTBandBHT/BTBandBHT.srcs/cpu_rtl/IFSegReg.v" into library xil_defaultlib
INFO: [VRFC 10-311] analyzing module IFSegReg
INFO: [VRFC 10-2263] Analyzing Verilog file "C:/Users/workspace/RISC_V_32I/BTBandBHT/BTBandBHT.srcs/cpu_rtl/ImmOperandUnit.v" into library xil_defaultlib
INFO: [VRFC 10-311] analyzing module ImmOperandUnit
INFO: [VRFC 10-2263] Analyzing Verilog file "C:/Users/workspace/RISC_V_32I/BTBandBHT/BTBandBHT.srcs/cpu_rtl/BRAMModule/InstructionRam.v" into library xil_defaultlib
INFO: [VRFC 10-311] analyzing module InstructionRam
INFO: [VRFC 10-2263] Analyzing Verilog file "C:/Users/workspace/RISC_V_32I/BTBandBHT/BTBandBHT.srcs/cpu_rtl/MEMSegReg.v" into library xil_defaultlib
INFO: [VRFC 10-311] analyzing module MEMSegReg
INFO: [VRFC 10-2263] Analyzing Verilog file "C:/Users/workspace/RISC_V_32I/BTBandBHT/BTBandBHT.srcs/cpu_rtl/NPC_Generator.v" into library xil_defaultlib
INFO: [VRFC 10-311] analyzing module NPC_Generator
INFO: [VRFC 10-2263] Analyzing Verilog file "C:/Users/workspace/RISC_V_32I/BTBandBHT/BTBandBHT.srcs/cpu_rtl/RV32Core.v" into library xil_defaultlib
INFO: [VRFC 10-311] analyzing module RV32Core
INFO: [VRFC 10-2263] Analyzing Verilog file "C:/Users/workspace/RISC_V_32I/BTBandBHT/BTBandBHT.srcs/cpu_rtl/RegisterFile.v" into library xil_defaultlib
INFO: [VRFC 10-311] analyzing module RegisterFile
INFO: [VRFC 10-2263] Analyzing Verilog file "C:/Users/workspace/RISC_V_32I/BTBandBHT/BTBandBHT.srcs/cpu_rtl/WBSegReg.v" into library xil_defaultlib
INFO: [VRFC 10-311] analyzing module WBSegReg
INFO: [VRFC 10-2263] Analyzing SystemVerilog file "C:/Users/workspace/RISC_V_32I/BTBandBHT/BTBandBHT.srcs/cpu_rtl/bht.sv" into library xil_defaultlib
INFO: [VRFC 10-311] analyzing module bht
INFO: [VRFC 10-2263] Analyzing SystemVerilog file "C:/Users/workspace/RISC_V_32I/BTBandBHT/BTBandBHT.srcs/cpu_rtl/btb.sv" into library xil_defaultlib
INFO: [VRFC 10-311] analyzing module btb
INFO: [USF-XSim-69] 'compile' step finished in '2' seconds
INFO: [USF-XSim-3] XSim::Elaborate design
INFO: [USF-XSim-61] Executing 'ELABORATE' step in 'C:/Users/workspace/RISC_V_32I/BTBandBHT/BTBandBHT.sim/sim_1/behav/xsim'
Vivado Simulator 2018.3
Copyright 1986-1999, 2001-2018 Xilinx, Inc. All Rights Reserved.
Running: C:/Xilinx/Vivado/2018.3/bin/unwrapped/win64.o/xelab.exe -wto 7b00d9dfb43e4cd7acfe98d8fa577175 --incr --debug typical --relax --mt 2 -L xil_defaultlib -L unisims_ver -L unimacro_ver -L secureip --snapshot testBench_behav xil_defaultlib.testBench xil_defaultlib.glbl -log elaborate.log 
Using 2 slave threads.
Starting static elaboration
WARNING: [VRFC 10-3091] actual bit length 5 differs from formal bit length 4 for port 'AluContrlD' [C:/Users/workspace/RISC_V_32I/BTBandBHT/BTBandBHT.srcs/cpu_rtl/RV32Core.v:166]
WARNING: [VRFC 10-3091] actual bit length 4 differs from formal bit length 5 for port 'AluContrlE' [C:/Users/workspace/RISC_V_32I/BTBandBHT/BTBandBHT.srcs/cpu_rtl/RV32Core.v:228]
WARNING: [VRFC 10-3091] actual bit length 1 differs from formal bit length 3 for port 'MemToRegE' [C:/Users/workspace/RISC_V_32I/BTBandBHT/BTBandBHT.srcs/cpu_rtl/RV32Core.v:325]
Completed static elaboration
Starting simulation data flow analysis
WARNING: [XSIM 43-4099] "C:/Users/workspace/RISC_V_32I/BTBandBHT/BTBandBHT.srcs/cpu_rtl/btb.sv" Line 1. Module btb doesn't have a timescale but at least one module in design has a timescale.
WARNING: [XSIM 43-4099] "C:/Users/workspace/RISC_V_32I/BTBandBHT/BTBandBHT.srcs/cpu_rtl/bht.sv" Line 1. Module bht doesn't have a timescale but at least one module in design has a timescale.
Completed simulation data flow analysis
Time Resolution for simulation is 1ps
Compiling module xil_defaultlib.NPC_Generator
Compiling module xil_defaultlib.IFSegReg
Compiling module xil_defaultlib.InstructionRam
Compiling module xil_defaultlib.IDSegReg
Compiling module xil_defaultlib.ControlUnit
Compiling module xil_defaultlib.ImmOperandUnit
Compiling module xil_defaultlib.RegisterFile
Compiling module xil_defaultlib.EXSegReg
Compiling module xil_defaultlib.ALU
Compiling module xil_defaultlib.BranchDecisionMaking
Compiling module xil_defaultlib.MEMSegReg
Compiling module xil_defaultlib.DataRam
Compiling module xil_defaultlib.WBSegReg
Compiling module xil_defaultlib.DataExt
Compiling module xil_defaultlib.HarzardUnit
Compiling module xil_defaultlib.btb
Compiling module xil_defaultlib.bht
Compiling module xil_defaultlib.RV32Core
Compiling module xil_defaultlib.testBench
WARNING: [XSIM 43-3373] "C:/Users/workspace/RISC_V_32I/BTBandBHT/BTBandBHT.sim/testBench.v" Line 77. System function $fscanf is used as system task. This system function should have a LHS e.g. x=$fscanf().
WARNING: [XSIM 43-3373] "C:/Users/workspace/RISC_V_32I/BTBandBHT/BTBandBHT.sim/testBench.v" Line 91. System function $fscanf is used as system task. This system function should have a LHS e.g. x=$fscanf().
WARNING: [XSIM 43-3373] "C:/Users/workspace/RISC_V_32I/BTBandBHT/BTBandBHT.sim/testBench.v" Line 102. System function $fscanf is used as system task. This system function should have a LHS e.g. x=$fscanf().
WARNING: [XSIM 43-3373] "C:/Users/workspace/RISC_V_32I/BTBandBHT/BTBandBHT.sim/testBench.v" Line 116. System function $fscanf is used as system task. This system function should have a LHS e.g. x=$fscanf().
Compiling module xil_defaultlib.glbl
Built simulation snapshot testBench_behav
INFO: [USF-XSim-69] 'elaborate' step finished in '3' seconds
INFO: [USF-XSim-4] XSim::Simulate design
INFO: [USF-XSim-61] Executing 'SIMULATE' step in 'C:/Users/workspace/RISC_V_32I/BTBandBHT/BTBandBHT.sim/sim_1/behav/xsim'
INFO: [USF-XSim-98] *** Running xsim
   with args "testBench_behav -key {Behavioral:sim_1:Functional:testBench} -tclbatch {testBench.tcl} -log {simulate.log}"
INFO: [USF-XSim-8] Loading simulator feature
Vivado Simulator 2018.3
Time resolution is 1 ps
source testBench.tcl
# set curr_wave [current_wave_config]
# if { [string length $curr_wave] == 0 } {
#   if { [llength [get_objects]] > 0} {
#     add_wave /
#     set_property needs_save false [current_wave_config]
#   } else {
#      send_msg_id Add_Wave-1 WARNING "No top level signals found. Simulator will start without a wave window. If you want to open a wave window go to 'File->New Waveform Configuration' or type 'create_wave_config' in the TCL console."
#   }
# }
# run 1000ns
Initialing reg values...
Loading DataRam Content from file...
INFO: [USF-XSim-96] XSim completed. Design snapshot 'testBench_behav' loaded.
INFO: [USF-XSim-97] XSim simulation ran for 1000ns
launch_simulation: Time (s): cpu = 00:00:04 ; elapsed = 00:00:08 . Memory (MB): peak = 1091.738 ; gain = 0.000
close_sim
INFO: [Simtcl 6-16] Simulation closed
launch_simulation
INFO: [Vivado 12-5682] Launching behavioral simulation in 'C:/Users/workspace/RISC_V_32I/BTBandBHT/BTBandBHT.sim/sim_1/behav/xsim'
INFO: [SIM-utils-51] Simulation object is 'sim_1'
INFO: [SIM-utils-54] Inspecting design source files for 'testBench' in fileset 'sim_1'...
INFO: [USF-XSim-97] Finding global include files...
INFO: [USF-XSim-98] Fetching design files from 'sim_1'...
INFO: [USF-XSim-2] XSim::Compile design
INFO: [USF-XSim-61] Executing 'COMPILE and ANALYZE' step in 'C:/Users/workspace/RISC_V_32I/BTBandBHT/BTBandBHT.sim/sim_1/behav/xsim'
"xvlog --incr --relax -prj testBench_vlog.prj"
INFO: [VRFC 10-2263] Analyzing Verilog file "C:/Users/workspace/RISC_V_32I/BTBandBHT/BTBandBHT.srcs/cpu_rtl/ALU.v" into library xil_defaultlib
INFO: [VRFC 10-311] analyzing module ALU
INFO: [VRFC 10-2263] Analyzing Verilog file "C:/Users/workspace/RISC_V_32I/BTBandBHT/BTBandBHT.srcs/cpu_rtl/BranchDecisionMaking.v" into library xil_defaultlib
INFO: [VRFC 10-311] analyzing module BranchDecisionMaking
INFO: [VRFC 10-2263] Analyzing Verilog file "C:/Users/workspace/RISC_V_32I/BTBandBHT/BTBandBHT.srcs/cpu_rtl/ControlUnit.v" into library xil_defaultlib
INFO: [VRFC 10-311] analyzing module ControlUnit
INFO: [VRFC 10-2263] Analyzing Verilog file "C:/Users/workspace/RISC_V_32I/BTBandBHT/BTBandBHT.srcs/cpu_rtl/DataExt.v" into library xil_defaultlib
INFO: [VRFC 10-311] analyzing module DataExt
INFO: [VRFC 10-2263] Analyzing Verilog file "C:/Users/workspace/RISC_V_32I/BTBandBHT/BTBandBHT.srcs/cpu_rtl/BRAMModule/DataRam.v" into library xil_defaultlib
INFO: [VRFC 10-311] analyzing module DataRam
INFO: [VRFC 10-2263] Analyzing Verilog file "C:/Users/workspace/RISC_V_32I/BTBandBHT/BTBandBHT.srcs/cpu_rtl/EXSegReg.v" into library xil_defaultlib
INFO: [VRFC 10-311] analyzing module EXSegReg
INFO: [VRFC 10-2263] Analyzing Verilog file "C:/Users/workspace/RISC_V_32I/BTBandBHT/BTBandBHT.srcs/cpu_rtl/HarzardUnit.v" into library xil_defaultlib
INFO: [VRFC 10-311] analyzing module HarzardUnit
INFO: [VRFC 10-2263] Analyzing Verilog file "C:/Users/workspace/RISC_V_32I/BTBandBHT/BTBandBHT.srcs/cpu_rtl/IDSegReg.v" into library xil_defaultlib
INFO: [VRFC 10-311] analyzing module IDSegReg
INFO: [VRFC 10-2263] Analyzing Verilog file "C:/Users/workspace/RISC_V_32I/BTBandBHT/BTBandBHT.srcs/cpu_rtl/IFSegReg.v" into library xil_defaultlib
INFO: [VRFC 10-311] analyzing module IFSegReg
INFO: [VRFC 10-2263] Analyzing Verilog file "C:/Users/workspace/RISC_V_32I/BTBandBHT/BTBandBHT.srcs/cpu_rtl/ImmOperandUnit.v" into library xil_defaultlib
INFO: [VRFC 10-311] analyzing module ImmOperandUnit
INFO: [VRFC 10-2263] Analyzing Verilog file "C:/Users/workspace/RISC_V_32I/BTBandBHT/BTBandBHT.srcs/cpu_rtl/BRAMModule/InstructionRam.v" into library xil_defaultlib
INFO: [VRFC 10-311] analyzing module InstructionRam
INFO: [VRFC 10-2263] Analyzing Verilog file "C:/Users/workspace/RISC_V_32I/BTBandBHT/BTBandBHT.srcs/cpu_rtl/MEMSegReg.v" into library xil_defaultlib
INFO: [VRFC 10-311] analyzing module MEMSegReg
INFO: [VRFC 10-2263] Analyzing Verilog file "C:/Users/workspace/RISC_V_32I/BTBandBHT/BTBandBHT.srcs/cpu_rtl/NPC_Generator.v" into library xil_defaultlib
INFO: [VRFC 10-311] analyzing module NPC_Generator
INFO: [VRFC 10-2263] Analyzing Verilog file "C:/Users/workspace/RISC_V_32I/BTBandBHT/BTBandBHT.srcs/cpu_rtl/RV32Core.v" into library xil_defaultlib
INFO: [VRFC 10-311] analyzing module RV32Core
INFO: [VRFC 10-2263] Analyzing Verilog file "C:/Users/workspace/RISC_V_32I/BTBandBHT/BTBandBHT.srcs/cpu_rtl/RegisterFile.v" into library xil_defaultlib
INFO: [VRFC 10-311] analyzing module RegisterFile
INFO: [VRFC 10-2263] Analyzing Verilog file "C:/Users/workspace/RISC_V_32I/BTBandBHT/BTBandBHT.srcs/cpu_rtl/WBSegReg.v" into library xil_defaultlib
INFO: [VRFC 10-311] analyzing module WBSegReg
INFO: [VRFC 10-2263] Analyzing SystemVerilog file "C:/Users/workspace/RISC_V_32I/BTBandBHT/BTBandBHT.srcs/cpu_rtl/bht.sv" into library xil_defaultlib
INFO: [VRFC 10-311] analyzing module bht
INFO: [VRFC 10-2263] Analyzing SystemVerilog file "C:/Users/workspace/RISC_V_32I/BTBandBHT/BTBandBHT.srcs/cpu_rtl/btb.sv" into library xil_defaultlib
INFO: [VRFC 10-311] analyzing module btb
INFO: [USF-XSim-69] 'compile' step finished in '1' seconds
INFO: [USF-XSim-3] XSim::Elaborate design
INFO: [USF-XSim-61] Executing 'ELABORATE' step in 'C:/Users/workspace/RISC_V_32I/BTBandBHT/BTBandBHT.sim/sim_1/behav/xsim'
Vivado Simulator 2018.3
Copyright 1986-1999, 2001-2018 Xilinx, Inc. All Rights Reserved.
Running: C:/Xilinx/Vivado/2018.3/bin/unwrapped/win64.o/xelab.exe -wto 7b00d9dfb43e4cd7acfe98d8fa577175 --incr --debug typical --relax --mt 2 -L xil_defaultlib -L unisims_ver -L unimacro_ver -L secureip --snapshot testBench_behav xil_defaultlib.testBench xil_defaultlib.glbl -log elaborate.log 
Using 2 slave threads.
Starting static elaboration
WARNING: [VRFC 10-3091] actual bit length 5 differs from formal bit length 4 for port 'AluContrlD' [C:/Users/workspace/RISC_V_32I/BTBandBHT/BTBandBHT.srcs/cpu_rtl/RV32Core.v:166]
WARNING: [VRFC 10-3091] actual bit length 4 differs from formal bit length 5 for port 'AluContrlE' [C:/Users/workspace/RISC_V_32I/BTBandBHT/BTBandBHT.srcs/cpu_rtl/RV32Core.v:228]
WARNING: [VRFC 10-3091] actual bit length 1 differs from formal bit length 3 for port 'MemToRegE' [C:/Users/workspace/RISC_V_32I/BTBandBHT/BTBandBHT.srcs/cpu_rtl/RV32Core.v:325]
Completed static elaboration
Starting simulation data flow analysis
WARNING: [XSIM 43-4099] "C:/Users/workspace/RISC_V_32I/BTBandBHT/BTBandBHT.srcs/cpu_rtl/btb.sv" Line 1. Module btb doesn't have a timescale but at least one module in design has a timescale.
WARNING: [XSIM 43-4099] "C:/Users/workspace/RISC_V_32I/BTBandBHT/BTBandBHT.srcs/cpu_rtl/bht.sv" Line 1. Module bht doesn't have a timescale but at least one module in design has a timescale.
Completed simulation data flow analysis
Time Resolution for simulation is 1ps
Compiling module xil_defaultlib.NPC_Generator
Compiling module xil_defaultlib.IFSegReg
Compiling module xil_defaultlib.InstructionRam
Compiling module xil_defaultlib.IDSegReg
Compiling module xil_defaultlib.ControlUnit
Compiling module xil_defaultlib.ImmOperandUnit
Compiling module xil_defaultlib.RegisterFile
Compiling module xil_defaultlib.EXSegReg
Compiling module xil_defaultlib.ALU
Compiling module xil_defaultlib.BranchDecisionMaking
Compiling module xil_defaultlib.MEMSegReg
Compiling module xil_defaultlib.DataRam
Compiling module xil_defaultlib.WBSegReg
Compiling module xil_defaultlib.DataExt
Compiling module xil_defaultlib.HarzardUnit
Compiling module xil_defaultlib.btb
Compiling module xil_defaultlib.bht
Compiling module xil_defaultlib.RV32Core
Compiling module xil_defaultlib.testBench
WARNING: [XSIM 43-3373] "C:/Users/workspace/RISC_V_32I/BTBandBHT/BTBandBHT.sim/testBench.v" Line 77. System function $fscanf is used as system task. This system function should have a LHS e.g. x=$fscanf().
WARNING: [XSIM 43-3373] "C:/Users/workspace/RISC_V_32I/BTBandBHT/BTBandBHT.sim/testBench.v" Line 91. System function $fscanf is used as system task. This system function should have a LHS e.g. x=$fscanf().
WARNING: [XSIM 43-3373] "C:/Users/workspace/RISC_V_32I/BTBandBHT/BTBandBHT.sim/testBench.v" Line 102. System function $fscanf is used as system task. This system function should have a LHS e.g. x=$fscanf().
WARNING: [XSIM 43-3373] "C:/Users/workspace/RISC_V_32I/BTBandBHT/BTBandBHT.sim/testBench.v" Line 116. System function $fscanf is used as system task. This system function should have a LHS e.g. x=$fscanf().
Compiling module xil_defaultlib.glbl
Built simulation snapshot testBench_behav
INFO: [USF-XSim-69] 'elaborate' step finished in '2' seconds
INFO: [USF-XSim-4] XSim::Simulate design
INFO: [USF-XSim-61] Executing 'SIMULATE' step in 'C:/Users/workspace/RISC_V_32I/BTBandBHT/BTBandBHT.sim/sim_1/behav/xsim'
INFO: [USF-XSim-98] *** Running xsim
   with args "testBench_behav -key {Behavioral:sim_1:Functional:testBench} -tclbatch {testBench.tcl} -log {simulate.log}"
INFO: [USF-XSim-8] Loading simulator feature
Vivado Simulator 2018.3
Time resolution is 1 ps
source testBench.tcl
# set curr_wave [current_wave_config]
# if { [string length $curr_wave] == 0 } {
#   if { [llength [get_objects]] > 0} {
#     add_wave /
#     set_property needs_save false [current_wave_config]
#   } else {
#      send_msg_id Add_Wave-1 WARNING "No top level signals found. Simulator will start without a wave window. If you want to open a wave window go to 'File->New Waveform Configuration' or type 'create_wave_config' in the TCL console."
#   }
# }
# run 1000ns
Initialing reg values...
Loading DataRam Content from file...
INFO: [USF-XSim-96] XSim completed. Design snapshot 'testBench_behav' loaded.
INFO: [USF-XSim-97] XSim simulation ran for 1000ns
launch_simulation: Time (s): cpu = 00:00:02 ; elapsed = 00:00:06 . Memory (MB): peak = 1091.738 ; gain = 0.000
current_wave_config {Untitled 8}
Untitled 8
add_wave {{/testBench/RV32Core1/BranchE}} {{/testBench/RV32Core1/FlushD}} {{/testBench/RV32Core1/FlushE}} 
current_wave_config {Untitled 8}
Untitled 8
add_wave {{/testBench/RV32Core1/PredictedPC}} {{/testBench/RV32Core1/PredictedPCValid}} 
current_wave_config {Untitled 8}
Untitled 8
add_wave {{/testBench/RV32Core1/PCE}} {{/testBench/RV32Core1/PCF}} 
current_wave_config {Untitled 8}
Untitled 8
add_wave {{/testBench/RV32Core1/PCE}} {{/testBench/RV32Core1/PCF}} {{/testBench/RV32Core1/PredictedD}} {{/testBench/RV32Core1/PredictedE}} {{/testBench/RV32Core1/PredictedF}} 
restart
INFO: [Simtcl 6-17] Simulation restarted
run 50 ns
Initialing reg values...
Loading DataRam Content from file...
restart
INFO: [Simtcl 6-17] Simulation restarted
run 50 ns
Initialing reg values...
Loading DataRam Content from file...
restart
INFO: [Simtcl 6-17] Simulation restarted
run 16430 ns
Initialing reg values...
Loading DataRam Content from file...
Loading InstRam Content from file...
Start Instruction Execution!
run 4 ns
run 4 ns
run 4 ns
run 4 ns
run 4 ns
run 4 ns
run 4 ns
run 4 ns
run 4 ns
run 4 ns
run 4 ns
run 4 ns
run 4 ns
run 4 ns
run 4 ns
run 4 ns
run 4 ns
run 4 ns
run 4 ns
run 4 ns
run 4 ns
run 4 ns
run 4 ns
run 4 ns
run 4 ns
run 4 ns
run 4 ns
run 4 ns
run 4 ns
run 4 ns
run 4 ns
run 4 ns
run 4 ns
run 4 ns
run 4 ns
run 4 ns
run 4 ns
run 4 ns
run 4 ns
run 4 ns
run 4 ns
run 4 ns
run 4 ns
run 4 ns
run 4 ns
run 4 ns
run 4 ns
run 4 ns
run 4 ns
run 4 ns
run 4 ns
run 4 ns
run 4 ns
run 4 ns
run 4 ns
run 4 ns
run 4 ns
run 4 ns
run 4 ns
run 4 ns
run 4 ns
run 4 ns
run 4 ns
run 4 ns
run 4 ns
run 4 ns
run 4 ns
run 4 ns
run 4 ns
run 4 ns
run 4 ns
run 4 ns
run 4 ns
run 4 ns
run 10 ns
run 10 ns
run 10 ns
run 10 ns
run 10 ns
run 10 ns
run 10 ns
run 10 ns
run 10 ns
run 10 ns
run 10 ns
run 10 ns
run 10 ns
run 10 ns
run 10 ns
run 10 ns
run 10 ns
run 50 ns
run 50 ns
run 50 ns
run 50 ns
run 50 ns
run 50 ns
run 50 ns
close_sim
INFO: [Simtcl 6-16] Simulation closed
exit
INFO: [Common 17-206] Exiting Vivado at Tue May 28 00:50:04 2019...
