Vivado Simulator 2018.3
Copyright 1986-1999, 2001-2018 Xilinx, Inc. All Rights Reserved.
Running: C:/Xilinx/Vivado/2018.3/bin/unwrapped/win64.o/xelab.exe -wto 757a24d98a764d10ac4b7488c55d866d --incr --debug typical --relax --mt 2 -L xil_defaultlib -L unisims_ver -L unimacro_ver -L secureip --snapshot cpu_tb_behav xil_defaultlib.cpu_tb xil_defaultlib.glbl -log elaborate.log 
Using 2 slave threads.
Starting static elaboration
Completed static elaboration
Starting simulation data flow analysis
WARNING: [XSIM 43-4099] "C:/Users/workspace/RISC_V_32I/3_CacheLab/CPUSrcCode/Verilog/InstructionRAM.sv" Line 2. Module InstructionRam doesn't have a timescale but at least one module in design has a timescale.
WARNING: [XSIM 43-4099] "C:/Users/workspace/RISC_V_32I/3_CacheLab/CPUSrcCode/Verilog/ControlUnit.v" Line 2. Module ControlUnit doesn't have a timescale but at least one module in design has a timescale.
WARNING: [XSIM 43-4099] "C:/Users/workspace/RISC_V_32I/3_CacheLab/CPUSrcCode/Verilog/ALU.v" Line 7. Module ALU doesn't have a timescale but at least one module in design has a timescale.
WARNING: [XSIM 43-4099] "C:/Users/workspace/RISC_V_32I/3_CacheLab/CacheSrcCode/cache.sv" Line 1. Module cache(SET_ADDR_LEN=2,TAG_ADDR_LEN=8,WAY_CNT=4) doesn't have a timescale but at least one module in design has a timescale.
WARNING: [XSIM 43-4099] "C:/Users/workspace/RISC_V_32I/3_CacheLab/CacheSrcCode/main_mem.sv" Line 2. Module main_mem(ADDR_LEN=10) doesn't have a timescale but at least one module in design has a timescale.
WARNING: [XSIM 43-4099] "C:/Users/workspace/RISC_V_32I/3_CacheLab/CacheSrcCode/mem.sv" Line 2. Module mem(ADDR_LEN=13) doesn't have a timescale but at least one module in design has a timescale.
Completed simulation data flow analysis
Time Resolution for simulation is 1ps
Compiling module xil_defaultlib.IFSegReg
Compiling module xil_defaultlib.InstructionRam
Compiling module xil_defaultlib.InstructionRamNoCache
Compiling module xil_defaultlib.IDSegReg
Compiling module xil_defaultlib.ControlUnit
Compiling module xil_defaultlib.DataExt
Compiling module xil_defaultlib.RegisterFile
Compiling module xil_defaultlib.ImmOperandUnit
Compiling module xil_defaultlib.EXSegReg
Compiling module xil_defaultlib.ALU
Compiling module xil_defaultlib.MEMSegReg
Compiling module xil_defaultlib.mem(ADDR_LEN=13)
Compiling module xil_defaultlib.main_mem(ADDR_LEN=10)
Compiling module xil_defaultlib.cache(SET_ADDR_LEN=2,TAG_ADDR_LE...
Compiling module xil_defaultlib.WBSegReg
Compiling module xil_defaultlib.HarzardUnit
Compiling module xil_defaultlib.RV32Core
Compiling module xil_defaultlib.cpu_tb
Compiling module xil_defaultlib.glbl
Built simulation snapshot cpu_tb_behav
