INFO: [VRFC 10-2263] Analyzing Verilog file "C:/Users/workspace/RISC_V_32I/6_BranchPrediction/cpu_rtl/ALU.v" into library xil_defaultlib
INFO: [VRFC 10-311] analyzing module ALU
INFO: [VRFC 10-2263] Analyzing Verilog file "C:/Users/workspace/RISC_V_32I/6_BranchPrediction/cpu_rtl/BranchDecisionMaking.v" into library xil_defaultlib
INFO: [VRFC 10-311] analyzing module BranchDecisionMaking
INFO: [VRFC 10-2263] Analyzing Verilog file "C:/Users/workspace/RISC_V_32I/6_BranchPrediction/cpu_rtl/ControlUnit.v" into library xil_defaultlib
INFO: [VRFC 10-311] analyzing module ControlUnit
INFO: [VRFC 10-2263] Analyzing Verilog file "C:/Users/workspace/RISC_V_32I/6_BranchPrediction/cpu_rtl/DataExt.v" into library xil_defaultlib
INFO: [VRFC 10-311] analyzing module DataExt
INFO: [VRFC 10-2263] Analyzing Verilog file "C:/Users/workspace/RISC_V_32I/6_BranchPrediction/cpu_rtl/BRAMModule/DataRam.v" into library xil_defaultlib
INFO: [VRFC 10-311] analyzing module DataRam
INFO: [VRFC 10-2263] Analyzing Verilog file "C:/Users/workspace/RISC_V_32I/6_BranchPrediction/cpu_rtl/EXSegReg.v" into library xil_defaultlib
INFO: [VRFC 10-311] analyzing module EXSegReg
INFO: [VRFC 10-2263] Analyzing Verilog file "C:/Users/workspace/RISC_V_32I/6_BranchPrediction/cpu_rtl/HarzardUnit.v" into library xil_defaultlib
INFO: [VRFC 10-311] analyzing module HarzardUnit
INFO: [VRFC 10-2263] Analyzing Verilog file "C:/Users/workspace/RISC_V_32I/6_BranchPrediction/cpu_rtl/IDSegReg.v" into library xil_defaultlib
INFO: [VRFC 10-311] analyzing module IDSegReg
INFO: [VRFC 10-2263] Analyzing Verilog file "C:/Users/workspace/RISC_V_32I/6_BranchPrediction/cpu_rtl/IFSegReg.v" into library xil_defaultlib
INFO: [VRFC 10-311] analyzing module IFSegReg
INFO: [VRFC 10-2263] Analyzing Verilog file "C:/Users/workspace/RISC_V_32I/6_BranchPrediction/cpu_rtl/ImmOperandUnit.v" into library xil_defaultlib
INFO: [VRFC 10-311] analyzing module ImmOperandUnit
INFO: [VRFC 10-2263] Analyzing Verilog file "C:/Users/workspace/RISC_V_32I/6_BranchPrediction/cpu_rtl/BRAMModule/InstructionRam.v" into library xil_defaultlib
INFO: [VRFC 10-311] analyzing module InstructionRam
INFO: [VRFC 10-2263] Analyzing Verilog file "C:/Users/workspace/RISC_V_32I/6_BranchPrediction/cpu_rtl/MEMSegReg.v" into library xil_defaultlib
INFO: [VRFC 10-311] analyzing module MEMSegReg
INFO: [VRFC 10-2263] Analyzing Verilog file "C:/Users/workspace/RISC_V_32I/6_BranchPrediction/cpu_rtl/NPC_Generator.v" into library xil_defaultlib
INFO: [VRFC 10-311] analyzing module NPC_Generator
INFO: [VRFC 10-2263] Analyzing Verilog file "C:/Users/workspace/RISC_V_32I/6_BranchPrediction/cpu_rtl/RV32Core.v" into library xil_defaultlib
INFO: [VRFC 10-311] analyzing module RV32Core
INFO: [VRFC 10-2263] Analyzing Verilog file "C:/Users/workspace/RISC_V_32I/6_BranchPrediction/cpu_rtl/RegisterFile.v" into library xil_defaultlib
INFO: [VRFC 10-311] analyzing module RegisterFile
INFO: [VRFC 10-2263] Analyzing Verilog file "C:/Users/workspace/RISC_V_32I/6_BranchPrediction/cpu_rtl/WBSegReg.v" into library xil_defaultlib
INFO: [VRFC 10-311] analyzing module WBSegReg
