#-----------------------------------------------------------
# Vivado v2018.3 (64-bit)
# SW Build 2405991 on Thu Dec  6 23:38:27 MST 2018
# IP Build 2404404 on Fri Dec  7 01:43:56 MST 2018
# Start of session at: Tue May 28 09:56:42 2019
# Process ID: 16800
# Current directory: C:/Users/workspace/RISC_V_32I/SampleCPU
# Command line: vivado.exe -gui_launcher_event rodinguilauncherevent14380 C:\Users\workspace\RISC_V_32I\SampleCPU\SampleCPU.xpr
# Log file: C:/Users/workspace/RISC_V_32I/SampleCPU/vivado.log
# Journal file: C:/Users/workspace/RISC_V_32I/SampleCPU\vivado.jou
#-----------------------------------------------------------
start_gui
open_project C:/Users/workspace/RISC_V_32I/SampleCPU/SampleCPU.xpr
Scanning sources...
Finished scanning sources
INFO: [IP_Flow 19-234] Refreshing IP repositories
INFO: [IP_Flow 19-1704] No user IP repositories specified
INFO: [IP_Flow 19-2313] Loaded Vivado IP repository 'C:/Xilinx/Vivado/2018.3/data/ip'.
open_project: Time (s): cpu = 00:00:13 ; elapsed = 00:00:07 . Memory (MB): peak = 793.164 ; gain = 149.605
update_compile_order -fileset sources_1
launch_simulation
INFO: [Vivado 12-5682] Launching behavioral simulation in 'C:/Users/workspace/RISC_V_32I/SampleCPU/SampleCPU.sim/sim_1/behav/xsim'
INFO: [SIM-utils-51] Simulation object is 'sim_1'
INFO: [SIM-utils-54] Inspecting design source files for 'testBench' in fileset 'sim_1'...
INFO: [USF-XSim-97] Finding global include files...
INFO: [USF-XSim-98] Fetching design files from 'sim_1'...
INFO: [USF-XSim-2] XSim::Compile design
INFO: [USF-XSim-61] Executing 'COMPILE and ANALYZE' step in 'C:/Users/workspace/RISC_V_32I/SampleCPU/SampleCPU.sim/sim_1/behav/xsim'
"xvlog --incr --relax -prj testBench_vlog.prj"
INFO: [VRFC 10-2263] Analyzing Verilog file "C:/Users/workspace/ComputerArchitectureLab/6_branch_prediction/cpu_rtl/ALU.v" into library xil_defaultlib
INFO: [VRFC 10-311] analyzing module ALU
INFO: [VRFC 10-2263] Analyzing Verilog file "C:/Users/workspace/ComputerArchitectureLab/6_branch_prediction/cpu_rtl/BranchDecisionMaking.v" into library xil_defaultlib
INFO: [VRFC 10-311] analyzing module BranchDecisionMaking
INFO: [VRFC 10-2263] Analyzing Verilog file "C:/Users/workspace/ComputerArchitectureLab/6_branch_prediction/cpu_rtl/ControlUnit.v" into library xil_defaultlib
INFO: [VRFC 10-311] analyzing module ControlUnit
INFO: [VRFC 10-2263] Analyzing Verilog file "C:/Users/workspace/ComputerArchitectureLab/6_branch_prediction/cpu_rtl/DataExt.v" into library xil_defaultlib
INFO: [VRFC 10-311] analyzing module DataExt
INFO: [VRFC 10-2263] Analyzing Verilog file "C:/Users/workspace/ComputerArchitectureLab/6_branch_prediction/cpu_rtl/BRAMModule/DataRam.v" into library xil_defaultlib
INFO: [VRFC 10-311] analyzing module DataRam
INFO: [VRFC 10-2263] Analyzing Verilog file "C:/Users/workspace/ComputerArchitectureLab/6_branch_prediction/cpu_rtl/EXSegReg.v" into library xil_defaultlib
INFO: [VRFC 10-311] analyzing module EXSegReg
INFO: [VRFC 10-2263] Analyzing Verilog file "C:/Users/workspace/ComputerArchitectureLab/6_branch_prediction/cpu_rtl/HarzardUnit.v" into library xil_defaultlib
INFO: [VRFC 10-311] analyzing module HarzardUnit
INFO: [VRFC 10-2263] Analyzing Verilog file "C:/Users/workspace/ComputerArchitectureLab/6_branch_prediction/cpu_rtl/IDSegReg.v" into library xil_defaultlib
INFO: [VRFC 10-311] analyzing module IDSegReg
INFO: [VRFC 10-2263] Analyzing Verilog file "C:/Users/workspace/ComputerArchitectureLab/6_branch_prediction/cpu_rtl/IFSegReg.v" into library xil_defaultlib
INFO: [VRFC 10-311] analyzing module IFSegReg
INFO: [VRFC 10-2263] Analyzing Verilog file "C:/Users/workspace/ComputerArchitectureLab/6_branch_prediction/cpu_rtl/ImmOperandUnit.v" into library xil_defaultlib
INFO: [VRFC 10-311] analyzing module ImmOperandUnit
INFO: [VRFC 10-2263] Analyzing Verilog file "C:/Users/workspace/ComputerArchitectureLab/6_branch_prediction/cpu_rtl/BRAMModule/InstructionRam.v" into library xil_defaultlib
INFO: [VRFC 10-311] analyzing module InstructionRam
INFO: [VRFC 10-2263] Analyzing Verilog file "C:/Users/workspace/ComputerArchitectureLab/6_branch_prediction/cpu_rtl/MEMSegReg.v" into library xil_defaultlib
INFO: [VRFC 10-311] analyzing module MEMSegReg
INFO: [VRFC 10-2263] Analyzing Verilog file "C:/Users/workspace/ComputerArchitectureLab/6_branch_prediction/cpu_rtl/NPC_Generator.v" into library xil_defaultlib
INFO: [VRFC 10-311] analyzing module NPC_Generator
INFO: [VRFC 10-2263] Analyzing Verilog file "C:/Users/workspace/ComputerArchitectureLab/6_branch_prediction/cpu_rtl/RV32Core.v" into library xil_defaultlib
INFO: [VRFC 10-311] analyzing module RV32Core
INFO: [VRFC 10-2263] Analyzing Verilog file "C:/Users/workspace/ComputerArchitectureLab/6_branch_prediction/cpu_rtl/RegisterFile.v" into library xil_defaultlib
INFO: [VRFC 10-311] analyzing module RegisterFile
INFO: [VRFC 10-2263] Analyzing Verilog file "C:/Users/workspace/ComputerArchitectureLab/6_branch_prediction/cpu_rtl/WBSegReg.v" into library xil_defaultlib
INFO: [VRFC 10-311] analyzing module WBSegReg
INFO: [VRFC 10-2263] Analyzing Verilog file "C:/Users/workspace/RISC_V_32I/6_BranchPrediction/test/testBench.v" into library xil_defaultlib
INFO: [VRFC 10-311] analyzing module testBench
INFO: [USF-XSim-69] 'compile' step finished in '1' seconds
INFO: [USF-XSim-3] XSim::Elaborate design
INFO: [USF-XSim-61] Executing 'ELABORATE' step in 'C:/Users/workspace/RISC_V_32I/SampleCPU/SampleCPU.sim/sim_1/behav/xsim'
Vivado Simulator 2018.3
Copyright 1986-1999, 2001-2018 Xilinx, Inc. All Rights Reserved.
Running: C:/Xilinx/Vivado/2018.3/bin/unwrapped/win64.o/xelab.exe -wto 6d3e1788be0c4723bc3d82c5f77c2e5f --incr --debug typical --relax --mt 2 -L xil_defaultlib -L unisims_ver -L unimacro_ver -L secureip --snapshot testBench_behav xil_defaultlib.testBench xil_defaultlib.glbl -log elaborate.log 
Using 2 slave threads.
Starting static elaboration
WARNING: [VRFC 10-3091] actual bit length 5 differs from formal bit length 4 for port 'AluContrlD' [C:/Users/workspace/ComputerArchitectureLab/6_branch_prediction/cpu_rtl/RV32Core.v:147]
WARNING: [VRFC 10-3091] actual bit length 4 differs from formal bit length 5 for port 'AluContrlE' [C:/Users/workspace/ComputerArchitectureLab/6_branch_prediction/cpu_rtl/RV32Core.v:209]
WARNING: [VRFC 10-3091] actual bit length 1 differs from formal bit length 3 for port 'MemToRegE' [C:/Users/workspace/ComputerArchitectureLab/6_branch_prediction/cpu_rtl/RV32Core.v:300]
Completed static elaboration
Starting simulation data flow analysis
Completed simulation data flow analysis
Time Resolution for simulation is 1ps
Compiling module xil_defaultlib.NPC_Generator
Compiling module xil_defaultlib.IFSegReg
Compiling module xil_defaultlib.InstructionRam
Compiling module xil_defaultlib.IDSegReg
Compiling module xil_defaultlib.ControlUnit
Compiling module xil_defaultlib.ImmOperandUnit
Compiling module xil_defaultlib.RegisterFile
Compiling module xil_defaultlib.EXSegReg
Compiling module xil_defaultlib.ALU
Compiling module xil_defaultlib.BranchDecisionMaking
Compiling module xil_defaultlib.MEMSegReg
Compiling module xil_defaultlib.DataRam
Compiling module xil_defaultlib.WBSegReg
Compiling module xil_defaultlib.DataExt
Compiling module xil_defaultlib.HarzardUnit
Compiling module xil_defaultlib.RV32Core
Compiling module xil_defaultlib.testBench
WARNING: [XSIM 43-3373] "C:/Users/workspace/RISC_V_32I/6_BranchPrediction/test/testBench.v" Line 77. System function $fscanf is used as system task. This system function should have a LHS e.g. x=$fscanf().
WARNING: [XSIM 43-3373] "C:/Users/workspace/RISC_V_32I/6_BranchPrediction/test/testBench.v" Line 91. System function $fscanf is used as system task. This system function should have a LHS e.g. x=$fscanf().
WARNING: [XSIM 43-3373] "C:/Users/workspace/RISC_V_32I/6_BranchPrediction/test/testBench.v" Line 102. System function $fscanf is used as system task. This system function should have a LHS e.g. x=$fscanf().
WARNING: [XSIM 43-3373] "C:/Users/workspace/RISC_V_32I/6_BranchPrediction/test/testBench.v" Line 116. System function $fscanf is used as system task. This system function should have a LHS e.g. x=$fscanf().
Compiling module xil_defaultlib.glbl
Built simulation snapshot testBench_behav
INFO: [USF-XSim-69] 'elaborate' step finished in '2' seconds
INFO: [USF-XSim-4] XSim::Simulate design
INFO: [USF-XSim-61] Executing 'SIMULATE' step in 'C:/Users/workspace/RISC_V_32I/SampleCPU/SampleCPU.sim/sim_1/behav/xsim'
INFO: [USF-XSim-98] *** Running xsim
   with args "testBench_behav -key {Behavioral:sim_1:Functional:testBench} -tclbatch {testBench.tcl} -log {simulate.log}"
INFO: [USF-XSim-8] Loading simulator feature
Vivado Simulator 2018.3
Time resolution is 1 ps
source testBench.tcl
# set curr_wave [current_wave_config]
# if { [string length $curr_wave] == 0 } {
#   if { [llength [get_objects]] > 0} {
#     add_wave /
#     set_property needs_save false [current_wave_config]
#   } else {
#      send_msg_id Add_Wave-1 WARNING "No top level signals found. Simulator will start without a wave window. If you want to open a wave window go to 'File->New Waveform Configuration' or type 'create_wave_config' in the TCL console."
#   }
# }
# run 1000ns
Initialing reg values...
Loading DataRam Content from file...
INFO: [USF-XSim-96] XSim completed. Design snapshot 'testBench_behav' loaded.
INFO: [USF-XSim-97] XSim simulation ran for 1000ns
launch_simulation: Time (s): cpu = 00:00:14 ; elapsed = 00:00:09 . Memory (MB): peak = 855.836 ; gain = 21.246
current_wave_config {Untitled 1}
Untitled 1
add_wave {{/testBench/RV32Core1/PCE}} {{/testBench/RV32Core1/PCF}} 
restart
INFO: [Simtcl 6-17] Simulation restarted
run 4 ns
Initialing reg values...
restart
INFO: [Simtcl 6-17] Simulation restarted
run 16430 ns
Initialing reg values...
Loading DataRam Content from file...
Loading InstRam Content from file...
Start Instruction Execution!
run 50 ns
run 50 ns
run 50 ns
run 50 ns
run 50 ns
run 50 ns
run 50 ns
run 50 ns
run 50 ns
run 50 ns
run 50 ns
run 50 ns
run 50 ns
run 50 ns
run 50 ns
run 50 ns
run 50 ns
run 50 ns
run 50 ns
run 50 ns
run 50 ns
run 50 ns
run 50 ns
close_sim
INFO: [Simtcl 6-16] Simulation closed
exit
INFO: [Common 17-206] Exiting Vivado at Tue May 28 10:04:36 2019...
